38.0 APEX_CODE,FINEST;APEX_PROFILING,INFO;CALLOUT,INFO;DB,INFO;SYSTEM,DEBUG;VALIDATION,INFO;VISUALFORCE,INFO;WORKFLOW,INFO
18:05:25.0 (72027)|USER_INFO|[EXTERNAL]|00541000000QZaN|jefflombardjr@gmail.com|Pacific Standard Time|GMT-08:00
18:05:25.0 (123487)|EXECUTION_STARTED
18:05:25.0 (131777)|CODE_UNIT_STARTED|[EXTERNAL]|aura
18:05:25.0 (478449)|HEAP_ALLOCATE|[72]|Bytes:3
18:05:25.0 (529819)|HEAP_ALLOCATE|[77]|Bytes:152
18:05:25.0 (549788)|HEAP_ALLOCATE|[342]|Bytes:408
18:05:25.0 (569976)|HEAP_ALLOCATE|[355]|Bytes:408
18:05:25.0 (588760)|HEAP_ALLOCATE|[467]|Bytes:48
18:05:25.0 (615025)|HEAP_ALLOCATE|[139]|Bytes:6
18:05:25.0 (638322)|HEAP_ALLOCATE|[EXTERNAL]|Bytes:36
18:05:25.0 (653164)|HEAP_ALLOCATE|[EXTERNAL]|Bytes:36
18:05:25.0 (1701518)|CODE_UNIT_STARTED|[EXTERNAL]|01p4100000GpZyG|blogAPI.getBlogData
18:05:25.0 (1789105)|HEAP_ALLOCATE|[EXTERNAL]|Bytes:1
18:05:25.0 (1801427)|METHOD_ENTRY|[1]|01p4100000GpZyG|blogAPI.blogAPI()
18:05:25.0 (1805221)|STATEMENT_EXECUTE|[1]
18:05:25.0 (1814828)|STATEMENT_EXECUTE|[1]
18:05:25.0 (1853051)|HEAP_ALLOCATE|[50]|Bytes:5
18:05:25.0 (1881336)|HEAP_ALLOCATE|[56]|Bytes:5
18:05:25.0 (1889821)|HEAP_ALLOCATE|[64]|Bytes:7
18:05:25.0 (1911637)|SYSTEM_MODE_ENTER|false
18:05:25.0 (1931257)|HEAP_ALLOCATE|[EXTERNAL]|Bytes:5
18:05:25.0 (1939822)|SYSTEM_MODE_EXIT|false
18:05:25.0 (1948879)|METHOD_EXIT|[1]|blogAPI
18:05:25.0 (1953258)|HEAP_ALLOCATE|[EXTERNAL]|Bytes:36
18:05:25.0 (1958295)|SYSTEM_MODE_ENTER|false
18:05:25.0 (1969830)|VARIABLE_SCOPE_BEGIN|[4]|uuid|String|false|false
18:05:25.0 (1993727)|VARIABLE_ASSIGNMENT|[4]|uuid|"98454fa8-3738-4e2f-8 (16 more) ..."
18:05:25.0 (2006256)|HEAP_ALLOCATE|[5]|Bytes:5
18:05:25.0 (2010854)|STATEMENT_EXECUTE|[4]
18:05:25.0 (2012283)|STATEMENT_EXECUTE|[5]
18:05:25.0 (2042428)|VARIABLE_SCOPE_BEGIN|[5]|req|System.HttpRequest|true|false
18:05:25.0 (2189884)|VARIABLE_ASSIGNMENT|[5]|req|"System.HttpRequest[Endpoint=null, Method=null]"|0x386a93f5
18:05:25.0 (2194589)|STATEMENT_EXECUTE|[6]
18:05:25.0 (2198705)|HEAP_ALLOCATE|[6]|Bytes:44
18:05:25.0 (2215476)|HEAP_ALLOCATE|[6]|Bytes:80
18:05:25.0 (2352861)|STATEMENT_EXECUTE|[7]
18:05:25.0 (2357899)|HEAP_ALLOCATE|[7]|Bytes:3
18:05:25.0 (2389227)|STATEMENT_EXECUTE|[8]
18:05:25.0 (2404984)|VARIABLE_SCOPE_BEGIN|[8]|http|System.Http|true|false
18:05:25.0 (2476192)|VARIABLE_ASSIGNMENT|[8]|http|"System.Http[]"|0x2d68ce54
18:05:25.0 (2480700)|STATEMENT_EXECUTE|[9]
18:05:25.0 (2544895)|CALLOUT_REQUEST|[9]|System.HttpRequest[Endpoint=http://ui-blog.herokuapp.com/Blog/api/?uuid=98454fa8-3738-4e2f-8752-c50a23e79d1a, Method=GET]
18:05:25.0 (3814005)|EXCEPTION_THROWN|[9]|System.CalloutException: Unauthorized endpoint, please check Setup->Security->Remote site settings. endpoint = http://ui-blog.herokuapp.com/Blog/api/?uuid=98454fa8-3738-4e2f-8752-c50a23e79d1a
18:05:25.0 (3902234)|HEAP_ALLOCATE|[9]|Bytes:170
18:05:25.0 (3999789)|FATAL_ERROR|System.CalloutException: Unauthorized endpoint, please check Setup->Security->Remote site settings. endpoint = http://ui-blog.herokuapp.com/Blog/api/?uuid=98454fa8-3738-4e2f-8752-c50a23e79d1a

Class.blogAPI.getBlogData: line 9, column 1
18:05:25.0 (4011736)|FATAL_ERROR|System.CalloutException: Unauthorized endpoint, please check Setup->Security->Remote site settings. endpoint = http://ui-blog.herokuapp.com/Blog/api/?uuid=98454fa8-3738-4e2f-8752-c50a23e79d1a

Class.blogAPI.getBlogData: line 9, column 1
18:05:25.4 (4019678)|CUMULATIVE_LIMIT_USAGE
18:05:25.4 (4019678)|LIMIT_USAGE_FOR_NS|(default)|
  Number of SOQL queries: 0 out of 100
  Number of query rows: 0 out of 50000
  Number of SOSL queries: 0 out of 20
  Number of DML statements: 0 out of 150
  Number of DML rows: 0 out of 10000
  Maximum CPU time: 0 out of 10000
  Maximum heap size: 0 out of 6000000
  Number of callouts: 1 out of 100
  Number of Email Invocations: 0 out of 10
  Number of future calls: 0 out of 50
  Number of queueable jobs added to the queue: 0 out of 50
  Number of Mobile Apex push calls: 0 out of 10

18:05:25.4 (4019678)|CUMULATIVE_LIMIT_USAGE_END

18:05:25.0 (4063955)|CODE_UNIT_FINISHED|blogAPI.getBlogData
