38.0 APEX_CODE,FINEST;APEX_PROFILING,INFO;CALLOUT,INFO;DB,INFO;SYSTEM,DEBUG;VALIDATION,INFO;VISUALFORCE,INFO;WORKFLOW,INFO
18:43:14.0 (370628)|USER_INFO|[EXTERNAL]|00541000000QZaN|jefflombardjr@gmail.com|Pacific Standard Time|GMT-08:00
18:43:14.0 (406832)|EXECUTION_STARTED
18:43:14.0 (411446)|CODE_UNIT_STARTED|[EXTERNAL]|aura
18:43:14.0 (708540)|HEAP_ALLOCATE|[72]|Bytes:3
18:43:14.0 (747057)|HEAP_ALLOCATE|[77]|Bytes:152
18:43:14.0 (763050)|HEAP_ALLOCATE|[342]|Bytes:408
18:43:14.0 (781461)|HEAP_ALLOCATE|[355]|Bytes:408
18:43:14.0 (800265)|HEAP_ALLOCATE|[467]|Bytes:48
18:43:14.0 (827855)|HEAP_ALLOCATE|[139]|Bytes:6
18:43:14.0 (848849)|HEAP_ALLOCATE|[EXTERNAL]|Bytes:36
18:43:14.0 (864371)|HEAP_ALLOCATE|[EXTERNAL]|Bytes:36
18:43:14.0 (2118008)|CODE_UNIT_STARTED|[EXTERNAL]|01p4100000GpZyG|blogAPI.getBlogData
18:43:14.0 (2199440)|HEAP_ALLOCATE|[EXTERNAL]|Bytes:1
18:43:14.0 (2212035)|METHOD_ENTRY|[1]|01p4100000GpZyG|blogAPI.blogAPI()
18:43:14.0 (2215736)|STATEMENT_EXECUTE|[1]
18:43:14.0 (2222156)|STATEMENT_EXECUTE|[1]
18:43:14.0 (2252303)|HEAP_ALLOCATE|[50]|Bytes:5
18:43:14.0 (2275172)|HEAP_ALLOCATE|[56]|Bytes:5
18:43:14.0 (2284056)|HEAP_ALLOCATE|[64]|Bytes:7
18:43:14.0 (2302406)|SYSTEM_MODE_ENTER|false
18:43:14.0 (2315006)|HEAP_ALLOCATE|[EXTERNAL]|Bytes:5
18:43:14.0 (2325203)|SYSTEM_MODE_EXIT|false
18:43:14.0 (2332936)|METHOD_EXIT|[1]|blogAPI
18:43:14.0 (2336794)|HEAP_ALLOCATE|[EXTERNAL]|Bytes:36
18:43:14.0 (2342120)|SYSTEM_MODE_ENTER|false
18:43:14.0 (2348615)|VARIABLE_SCOPE_BEGIN|[4]|uuid|String|false|false
18:43:14.0 (2376001)|VARIABLE_ASSIGNMENT|[4]|uuid|"98454fa8-3738-4e2f-8 (16 more) ..."
18:43:14.0 (2387584)|HEAP_ALLOCATE|[5]|Bytes:5
18:43:14.0 (2391465)|STATEMENT_EXECUTE|[4]
18:43:14.0 (2392986)|STATEMENT_EXECUTE|[5]
18:43:14.0 (2418593)|VARIABLE_SCOPE_BEGIN|[5]|req|System.HttpRequest|true|false
18:43:14.0 (2572308)|VARIABLE_ASSIGNMENT|[5]|req|"System.HttpRequest[Endpoint=null, Method=null]"|0x33bfcb60
18:43:14.0 (2577630)|STATEMENT_EXECUTE|[6]
18:43:14.0 (2581919)|HEAP_ALLOCATE|[6]|Bytes:44
18:43:14.0 (2595180)|HEAP_ALLOCATE|[6]|Bytes:80
18:43:14.0 (2659845)|STATEMENT_EXECUTE|[7]
18:43:14.0 (2664316)|HEAP_ALLOCATE|[7]|Bytes:3
18:43:14.0 (2688043)|STATEMENT_EXECUTE|[8]
18:43:14.0 (2701156)|VARIABLE_SCOPE_BEGIN|[8]|http|System.Http|true|false
18:43:14.0 (2766029)|VARIABLE_ASSIGNMENT|[8]|http|"System.Http[]"|0x77838d1
18:43:14.0 (2770615)|STATEMENT_EXECUTE|[9]
18:43:14.0 (2830142)|CALLOUT_REQUEST|[9]|System.HttpRequest[Endpoint=http://ui-blog.herokuapp.com/Blog/api/?uuid=98454fa8-3738-4e2f-8752-c50a23e79d1a, Method=GET]
18:43:14.0 (107402757)|HEAP_ALLOCATE|[EXTERNAL]|Bytes:1208
18:43:14.0 (107528338)|CALLOUT_RESPONSE|[9]|System.HttpResponse[Status=OK, StatusCode=200]
18:43:14.0 (107543400)|HEAP_ALLOCATE|[9]|Bytes:975
18:43:14.0 (107569448)|VARIABLE_SCOPE_BEGIN|[9]|res|System.HttpResponse|true|false
18:43:14.0 (107668074)|VARIABLE_ASSIGNMENT|[9]|res|"System.HttpResponse[Status=OK, StatusCode=200]"|0x27e31844
18:43:14.0 (107675682)|STATEMENT_EXECUTE|[10]
18:43:14.0 (107776364)|HEAP_ALLOCATE|[10]|Bytes:969
18:43:14.0 (107792812)|SYSTEM_MODE_EXIT|false
18:43:14.109 (109539048)|CUMULATIVE_LIMIT_USAGE
18:43:14.109 (109539048)|LIMIT_USAGE_FOR_NS|(default)|
  Number of SOQL queries: 0 out of 100
  Number of query rows: 0 out of 50000
  Number of SOSL queries: 0 out of 20
  Number of DML statements: 0 out of 150
  Number of DML rows: 0 out of 10000
  Maximum CPU time: 0 out of 10000
  Maximum heap size: 0 out of 6000000
  Number of callouts: 1 out of 100
  Number of Email Invocations: 0 out of 10
  Number of future calls: 0 out of 50
  Number of queueable jobs added to the queue: 0 out of 50
  Number of Mobile Apex push calls: 0 out of 10

18:43:14.109 (109539048)|CUMULATIVE_LIMIT_USAGE_END

18:43:14.0 (109600012)|CODE_UNIT_FINISHED|blogAPI.getBlogData
