38.0 APEX_CODE,FINEST;APEX_PROFILING,INFO;CALLOUT,INFO;DB,INFO;SYSTEM,DEBUG;VALIDATION,INFO;VISUALFORCE,INFO;WORKFLOW,INFO
18:11:03.0 (374522)|USER_INFO|[EXTERNAL]|00541000000QZaN|jefflombardjr@gmail.com|Pacific Standard Time|GMT-08:00
18:11:03.0 (421474)|EXECUTION_STARTED
18:11:03.0 (425638)|CODE_UNIT_STARTED|[EXTERNAL]|aura
18:11:03.0 (745165)|HEAP_ALLOCATE|[72]|Bytes:3
18:11:03.0 (796727)|HEAP_ALLOCATE|[77]|Bytes:152
18:11:03.0 (816130)|HEAP_ALLOCATE|[342]|Bytes:408
18:11:03.0 (837188)|HEAP_ALLOCATE|[355]|Bytes:408
18:11:03.0 (856230)|HEAP_ALLOCATE|[467]|Bytes:48
18:11:03.0 (886710)|HEAP_ALLOCATE|[139]|Bytes:6
18:11:03.0 (912708)|HEAP_ALLOCATE|[EXTERNAL]|Bytes:36
18:11:03.0 (930531)|HEAP_ALLOCATE|[EXTERNAL]|Bytes:36
18:11:03.0 (2158421)|CODE_UNIT_STARTED|[EXTERNAL]|01p4100000GpZyG|blogAPI.getBlogData
18:11:03.0 (2257708)|HEAP_ALLOCATE|[EXTERNAL]|Bytes:1
18:11:03.0 (2277041)|METHOD_ENTRY|[1]|01p4100000GpZyG|blogAPI.blogAPI()
18:11:03.0 (2283368)|STATEMENT_EXECUTE|[1]
18:11:03.0 (2291316)|STATEMENT_EXECUTE|[1]
18:11:03.0 (2333861)|HEAP_ALLOCATE|[50]|Bytes:5
18:11:03.0 (2372981)|HEAP_ALLOCATE|[56]|Bytes:5
18:11:03.0 (2391794)|HEAP_ALLOCATE|[64]|Bytes:7
18:11:03.0 (2426851)|SYSTEM_MODE_ENTER|false
18:11:03.0 (2446567)|HEAP_ALLOCATE|[EXTERNAL]|Bytes:5
18:11:03.0 (2455982)|SYSTEM_MODE_EXIT|false
18:11:03.0 (2468791)|METHOD_EXIT|[1]|blogAPI
18:11:03.0 (2476524)|HEAP_ALLOCATE|[EXTERNAL]|Bytes:36
18:11:03.0 (2486593)|SYSTEM_MODE_ENTER|false
18:11:03.0 (2500357)|VARIABLE_SCOPE_BEGIN|[4]|uuid|String|false|false
18:11:03.0 (2538780)|VARIABLE_ASSIGNMENT|[4]|uuid|"98454fa8-3738-4e2f-8 (16 more) ..."
18:11:03.0 (2555693)|HEAP_ALLOCATE|[10]|Bytes:5
18:11:03.0 (2560799)|STATEMENT_EXECUTE|[4]
18:11:03.0 (2562452)|STATEMENT_EXECUTE|[10]
18:11:03.0 (2565524)|HEAP_ALLOCATE|[10]|Bytes:44
18:11:03.0 (2577274)|HEAP_ALLOCATE|[10]|Bytes:80
18:11:03.0 (2586352)|SYSTEM_MODE_EXIT|false
18:11:03.2 (2608194)|CUMULATIVE_LIMIT_USAGE
18:11:03.2 (2608194)|LIMIT_USAGE_FOR_NS|(default)|
  Number of SOQL queries: 0 out of 100
  Number of query rows: 0 out of 50000
  Number of SOSL queries: 0 out of 20
  Number of DML statements: 0 out of 150
  Number of DML rows: 0 out of 10000
  Maximum CPU time: 0 out of 10000
  Maximum heap size: 0 out of 6000000
  Number of callouts: 0 out of 100
  Number of Email Invocations: 0 out of 10
  Number of future calls: 0 out of 50
  Number of queueable jobs added to the queue: 0 out of 50
  Number of Mobile Apex push calls: 0 out of 10

18:11:03.2 (2608194)|CUMULATIVE_LIMIT_USAGE_END

18:11:03.0 (2656279)|CODE_UNIT_FINISHED|blogAPI.getBlogData
