38.0 APEX_CODE,FINEST;APEX_PROFILING,INFO;CALLOUT,INFO;DB,INFO;SYSTEM,DEBUG;VALIDATION,INFO;VISUALFORCE,INFO;WORKFLOW,INFO
18:10:42.0 (419971)|USER_INFO|[EXTERNAL]|00541000000QZaN|jefflombardjr@gmail.com|Pacific Standard Time|GMT-08:00
18:10:42.0 (469748)|EXECUTION_STARTED
18:10:42.0 (476583)|CODE_UNIT_STARTED|[EXTERNAL]|aura
18:10:42.0 (908888)|HEAP_ALLOCATE|[72]|Bytes:3
18:10:42.0 (972363)|HEAP_ALLOCATE|[77]|Bytes:152
18:10:42.0 (1003682)|HEAP_ALLOCATE|[342]|Bytes:408
18:10:42.0 (1037560)|HEAP_ALLOCATE|[355]|Bytes:408
18:10:42.0 (1068407)|HEAP_ALLOCATE|[467]|Bytes:48
18:10:42.0 (1112172)|HEAP_ALLOCATE|[139]|Bytes:6
18:10:42.0 (1148693)|HEAP_ALLOCATE|[EXTERNAL]|Bytes:36
18:10:42.0 (1169173)|HEAP_ALLOCATE|[EXTERNAL]|Bytes:36
18:10:42.0 (2438667)|CODE_UNIT_STARTED|[EXTERNAL]|01p4100000GpZyG|blogAPI.getBlogData
18:10:42.0 (2565120)|HEAP_ALLOCATE|[EXTERNAL]|Bytes:1
18:10:42.0 (2584199)|METHOD_ENTRY|[1]|01p4100000GpZyG|blogAPI.blogAPI()
18:10:42.0 (2590269)|STATEMENT_EXECUTE|[1]
18:10:42.0 (2601121)|STATEMENT_EXECUTE|[1]
18:10:42.0 (2652550)|HEAP_ALLOCATE|[50]|Bytes:5
18:10:42.0 (2694675)|HEAP_ALLOCATE|[56]|Bytes:5
18:10:42.0 (2711785)|HEAP_ALLOCATE|[64]|Bytes:7
18:10:42.0 (2740324)|SYSTEM_MODE_ENTER|false
18:10:42.0 (2765887)|HEAP_ALLOCATE|[EXTERNAL]|Bytes:5
18:10:42.0 (2779066)|SYSTEM_MODE_EXIT|false
18:10:42.0 (2791155)|METHOD_EXIT|[1]|blogAPI
18:10:42.0 (2797678)|HEAP_ALLOCATE|[EXTERNAL]|Bytes:36
18:10:42.0 (2805079)|SYSTEM_MODE_ENTER|false
18:10:42.0 (2818787)|VARIABLE_SCOPE_BEGIN|[4]|uuid|String|false|false
18:10:42.0 (2865002)|VARIABLE_ASSIGNMENT|[4]|uuid|"98454fa8-3738-4e2f-8 (16 more) ..."
18:10:42.0 (2884289)|HEAP_ALLOCATE|[10]|Bytes:5
18:10:42.0 (2890289)|STATEMENT_EXECUTE|[4]
18:10:42.0 (2892796)|STATEMENT_EXECUTE|[10]
18:10:42.0 (2899324)|HEAP_ALLOCATE|[10]|Bytes:44
18:10:42.0 (2925246)|HEAP_ALLOCATE|[10]|Bytes:80
18:10:42.0 (2940939)|SYSTEM_MODE_EXIT|false
18:10:42.2 (2971452)|CUMULATIVE_LIMIT_USAGE
18:10:42.2 (2971452)|LIMIT_USAGE_FOR_NS|(default)|
  Number of SOQL queries: 0 out of 100
  Number of query rows: 0 out of 50000
  Number of SOSL queries: 0 out of 20
  Number of DML statements: 0 out of 150
  Number of DML rows: 0 out of 10000
  Maximum CPU time: 0 out of 10000
  Maximum heap size: 0 out of 6000000
  Number of callouts: 0 out of 100
  Number of Email Invocations: 0 out of 10
  Number of future calls: 0 out of 50
  Number of queueable jobs added to the queue: 0 out of 50
  Number of Mobile Apex push calls: 0 out of 10

18:10:42.2 (2971452)|CUMULATIVE_LIMIT_USAGE_END

18:10:42.0 (3031315)|CODE_UNIT_FINISHED|blogAPI.getBlogData
