38.0 APEX_CODE,FINEST;APEX_PROFILING,INFO;CALLOUT,INFO;DB,INFO;SYSTEM,DEBUG;VALIDATION,INFO;VISUALFORCE,INFO;WORKFLOW,INFO
18:27:59.0 (334997)|USER_INFO|[EXTERNAL]|00541000000QZaN|jefflombardjr@gmail.com|Pacific Standard Time|GMT-08:00
18:27:59.0 (370266)|EXECUTION_STARTED
18:27:59.0 (375462)|CODE_UNIT_STARTED|[EXTERNAL]|aura
18:27:59.0 (724636)|HEAP_ALLOCATE|[72]|Bytes:3
18:27:59.0 (781138)|HEAP_ALLOCATE|[77]|Bytes:152
18:27:59.0 (800815)|HEAP_ALLOCATE|[342]|Bytes:408
18:27:59.0 (820280)|HEAP_ALLOCATE|[355]|Bytes:408
18:27:59.0 (839053)|HEAP_ALLOCATE|[467]|Bytes:48
18:27:59.0 (872671)|HEAP_ALLOCATE|[139]|Bytes:6
18:27:59.0 (906964)|HEAP_ALLOCATE|[EXTERNAL]|Bytes:36
18:27:59.0 (924814)|HEAP_ALLOCATE|[EXTERNAL]|Bytes:36
18:27:59.0 (2158298)|CODE_UNIT_STARTED|[EXTERNAL]|01p4100000GpZyG|blogAPI.getBlogData
18:27:59.0 (2258365)|HEAP_ALLOCATE|[EXTERNAL]|Bytes:1
18:27:59.0 (2277796)|METHOD_ENTRY|[1]|01p4100000GpZyG|blogAPI.blogAPI()
18:27:59.0 (2281827)|STATEMENT_EXECUTE|[1]
18:27:59.0 (2288041)|STATEMENT_EXECUTE|[1]
18:27:59.0 (2323530)|HEAP_ALLOCATE|[50]|Bytes:5
18:27:59.0 (2353582)|HEAP_ALLOCATE|[56]|Bytes:5
18:27:59.0 (2362829)|HEAP_ALLOCATE|[64]|Bytes:7
18:27:59.0 (2384667)|SYSTEM_MODE_ENTER|false
18:27:59.0 (2403678)|HEAP_ALLOCATE|[EXTERNAL]|Bytes:5
18:27:59.0 (2412191)|SYSTEM_MODE_EXIT|false
18:27:59.0 (2423254)|METHOD_EXIT|[1]|blogAPI
18:27:59.0 (2428321)|HEAP_ALLOCATE|[EXTERNAL]|Bytes:36
18:27:59.0 (2435365)|SYSTEM_MODE_ENTER|false
18:27:59.0 (2445210)|VARIABLE_SCOPE_BEGIN|[4]|uuid|String|false|false
18:27:59.0 (2475060)|VARIABLE_ASSIGNMENT|[4]|uuid|"98454fa8-3738-4e2f-8 (16 more) ..."
18:27:59.0 (2493372)|HEAP_ALLOCATE|[5]|Bytes:5
18:27:59.0 (2499800)|STATEMENT_EXECUTE|[4]
18:27:59.0 (2502068)|STATEMENT_EXECUTE|[5]
18:27:59.0 (2535436)|VARIABLE_SCOPE_BEGIN|[5]|req|System.HttpRequest|true|false
18:27:59.0 (2658537)|VARIABLE_ASSIGNMENT|[5]|req|"System.HttpRequest[Endpoint=null, Method=null]"|0x25bc3366
18:27:59.0 (2664634)|STATEMENT_EXECUTE|[6]
18:27:59.0 (2669352)|HEAP_ALLOCATE|[6]|Bytes:44
18:27:59.0 (2686981)|HEAP_ALLOCATE|[6]|Bytes:80
18:27:59.0 (2890908)|STATEMENT_EXECUTE|[7]
18:27:59.0 (2896217)|HEAP_ALLOCATE|[7]|Bytes:3
18:27:59.0 (2924374)|STATEMENT_EXECUTE|[8]
18:27:59.0 (2940595)|VARIABLE_SCOPE_BEGIN|[8]|http|System.Http|true|false
18:27:59.0 (3003555)|VARIABLE_ASSIGNMENT|[8]|http|"System.Http[]"|0xd0ffec7
18:27:59.0 (3008711)|STATEMENT_EXECUTE|[9]
18:27:59.0 (3072727)|CALLOUT_REQUEST|[9]|System.HttpRequest[Endpoint=http://ui-blog.herokuapp.com/Blog/api/?uuid=98454fa8-3738-4e2f-8752-c50a23e79d1a, Method=GET]
18:27:59.0 (110853636)|HEAP_ALLOCATE|[EXTERNAL]|Bytes:1208
18:27:59.0 (110972221)|CALLOUT_RESPONSE|[9]|System.HttpResponse[Status=OK, StatusCode=200]
18:27:59.0 (110995121)|HEAP_ALLOCATE|[9]|Bytes:975
18:27:59.0 (111029777)|VARIABLE_SCOPE_BEGIN|[9]|res|System.HttpResponse|true|false
18:27:59.0 (111129169)|VARIABLE_ASSIGNMENT|[9]|res|"System.HttpResponse[Status=OK, StatusCode=200]"|0x4f41af21
18:27:59.0 (111136932)|STATEMENT_EXECUTE|[10]
18:27:59.0 (111256679)|HEAP_ALLOCATE|[10]|Bytes:969
18:27:59.0 (111277671)|SYSTEM_MODE_EXIT|false
18:27:59.113 (113117321)|CUMULATIVE_LIMIT_USAGE
18:27:59.113 (113117321)|LIMIT_USAGE_FOR_NS|(default)|
  Number of SOQL queries: 0 out of 100
  Number of query rows: 0 out of 50000
  Number of SOSL queries: 0 out of 20
  Number of DML statements: 0 out of 150
  Number of DML rows: 0 out of 10000
  Maximum CPU time: 0 out of 10000
  Maximum heap size: 0 out of 6000000
  Number of callouts: 1 out of 100
  Number of Email Invocations: 0 out of 10
  Number of future calls: 0 out of 50
  Number of queueable jobs added to the queue: 0 out of 50
  Number of Mobile Apex push calls: 0 out of 10

18:27:59.113 (113117321)|CUMULATIVE_LIMIT_USAGE_END

18:27:59.0 (113186040)|CODE_UNIT_FINISHED|blogAPI.getBlogData
