38.0 APEX_CODE,FINEST;APEX_PROFILING,INFO;CALLOUT,INFO;DB,INFO;SYSTEM,DEBUG;VALIDATION,INFO;VISUALFORCE,INFO;WORKFLOW,INFO
18:31:43.0 (621431)|USER_INFO|[EXTERNAL]|00541000000QZaN|jefflombardjr@gmail.com|Pacific Standard Time|GMT-08:00
18:31:43.0 (662730)|EXECUTION_STARTED
18:31:43.0 (668176)|CODE_UNIT_STARTED|[EXTERNAL]|aura
18:31:43.0 (1011638)|HEAP_ALLOCATE|[72]|Bytes:3
18:31:43.0 (1059604)|HEAP_ALLOCATE|[77]|Bytes:152
18:31:43.0 (1078665)|HEAP_ALLOCATE|[342]|Bytes:408
18:31:43.0 (1100132)|HEAP_ALLOCATE|[355]|Bytes:408
18:31:43.0 (1119551)|HEAP_ALLOCATE|[467]|Bytes:48
18:31:43.0 (1150050)|HEAP_ALLOCATE|[139]|Bytes:6
18:31:43.0 (1175602)|HEAP_ALLOCATE|[EXTERNAL]|Bytes:36
18:31:43.0 (1192478)|HEAP_ALLOCATE|[EXTERNAL]|Bytes:36
18:31:43.0 (2390151)|CODE_UNIT_STARTED|[EXTERNAL]|01p4100000GpZyG|blogAPI.getBlogData
18:31:43.0 (2490977)|HEAP_ALLOCATE|[EXTERNAL]|Bytes:1
18:31:43.0 (2506507)|METHOD_ENTRY|[1]|01p4100000GpZyG|blogAPI.blogAPI()
18:31:43.0 (2511642)|STATEMENT_EXECUTE|[1]
18:31:43.0 (2519554)|STATEMENT_EXECUTE|[1]
18:31:43.0 (2551737)|HEAP_ALLOCATE|[50]|Bytes:5
18:31:43.0 (2579554)|HEAP_ALLOCATE|[56]|Bytes:5
18:31:43.0 (2588813)|HEAP_ALLOCATE|[64]|Bytes:7
18:31:43.0 (2609408)|SYSTEM_MODE_ENTER|false
18:31:43.0 (2621306)|HEAP_ALLOCATE|[EXTERNAL]|Bytes:5
18:31:43.0 (2628223)|SYSTEM_MODE_EXIT|false
18:31:43.0 (2635716)|METHOD_EXIT|[1]|blogAPI
18:31:43.0 (2640082)|HEAP_ALLOCATE|[EXTERNAL]|Bytes:36
18:31:43.0 (2645515)|SYSTEM_MODE_ENTER|false
18:31:43.0 (2654899)|VARIABLE_SCOPE_BEGIN|[4]|uuid|String|false|false
18:31:43.0 (2683870)|VARIABLE_ASSIGNMENT|[4]|uuid|"98454fa8-3738-4e2f-8 (16 more) ..."
18:31:43.0 (2696841)|HEAP_ALLOCATE|[5]|Bytes:5
18:31:43.0 (2700972)|STATEMENT_EXECUTE|[4]
18:31:43.0 (2702398)|STATEMENT_EXECUTE|[5]
18:31:43.0 (2728218)|VARIABLE_SCOPE_BEGIN|[5]|req|System.HttpRequest|true|false
18:31:43.0 (2898183)|VARIABLE_ASSIGNMENT|[5]|req|"System.HttpRequest[Endpoint=null, Method=null]"|0x7e240c62
18:31:43.0 (2903912)|STATEMENT_EXECUTE|[6]
18:31:43.0 (2908820)|HEAP_ALLOCATE|[6]|Bytes:44
18:31:43.0 (2923945)|HEAP_ALLOCATE|[6]|Bytes:80
18:31:43.0 (2986534)|STATEMENT_EXECUTE|[7]
18:31:43.0 (2990884)|HEAP_ALLOCATE|[7]|Bytes:3
18:31:43.0 (3014885)|STATEMENT_EXECUTE|[8]
18:31:43.0 (3030617)|VARIABLE_SCOPE_BEGIN|[8]|http|System.Http|true|false
18:31:43.0 (3096948)|VARIABLE_ASSIGNMENT|[8]|http|"System.Http[]"|0x6eaddeaa
18:31:43.0 (3101695)|STATEMENT_EXECUTE|[9]
18:31:43.0 (3163625)|CALLOUT_REQUEST|[9]|System.HttpRequest[Endpoint=http://ui-blog.herokuapp.com/Blog/api/?uuid=98454fa8-3738-4e2f-8752-c50a23e79d1a, Method=GET]
18:31:43.0 (111026137)|HEAP_ALLOCATE|[EXTERNAL]|Bytes:1208
18:31:43.0 (111142313)|CALLOUT_RESPONSE|[9]|System.HttpResponse[Status=OK, StatusCode=200]
18:31:43.0 (111155913)|HEAP_ALLOCATE|[9]|Bytes:975
18:31:43.0 (111189582)|VARIABLE_SCOPE_BEGIN|[9]|res|System.HttpResponse|true|false
18:31:43.0 (111299707)|VARIABLE_ASSIGNMENT|[9]|res|"System.HttpResponse[Status=OK, StatusCode=200]"|0x2437cddc
18:31:43.0 (111308985)|STATEMENT_EXECUTE|[10]
18:31:43.0 (111417439)|HEAP_ALLOCATE|[10]|Bytes:969
18:31:43.0 (111435409)|SYSTEM_MODE_EXIT|false
18:31:43.113 (113564890)|CUMULATIVE_LIMIT_USAGE
18:31:43.113 (113564890)|LIMIT_USAGE_FOR_NS|(default)|
  Number of SOQL queries: 0 out of 100
  Number of query rows: 0 out of 50000
  Number of SOSL queries: 0 out of 20
  Number of DML statements: 0 out of 150
  Number of DML rows: 0 out of 10000
  Maximum CPU time: 0 out of 10000
  Maximum heap size: 0 out of 6000000
  Number of callouts: 1 out of 100
  Number of Email Invocations: 0 out of 10
  Number of future calls: 0 out of 50
  Number of queueable jobs added to the queue: 0 out of 50
  Number of Mobile Apex push calls: 0 out of 10

18:31:43.113 (113564890)|CUMULATIVE_LIMIT_USAGE_END

18:31:43.0 (113631572)|CODE_UNIT_FINISHED|blogAPI.getBlogData
