38.0 APEX_CODE,FINEST;APEX_PROFILING,INFO;CALLOUT,INFO;DB,INFO;SYSTEM,DEBUG;VALIDATION,INFO;VISUALFORCE,INFO;WORKFLOW,INFO
18:30:37.0 (347270)|USER_INFO|[EXTERNAL]|00541000000QZaN|jefflombardjr@gmail.com|Pacific Standard Time|GMT-08:00
18:30:37.0 (381583)|EXECUTION_STARTED
18:30:37.0 (386224)|CODE_UNIT_STARTED|[EXTERNAL]|aura
18:30:37.0 (698183)|HEAP_ALLOCATE|[72]|Bytes:3
18:30:37.0 (737279)|HEAP_ALLOCATE|[77]|Bytes:152
18:30:37.0 (755019)|HEAP_ALLOCATE|[342]|Bytes:408
18:30:37.0 (774509)|HEAP_ALLOCATE|[355]|Bytes:408
18:30:37.0 (792423)|HEAP_ALLOCATE|[467]|Bytes:48
18:30:37.0 (820746)|HEAP_ALLOCATE|[139]|Bytes:6
18:30:37.0 (843000)|HEAP_ALLOCATE|[EXTERNAL]|Bytes:36
18:30:37.0 (857502)|HEAP_ALLOCATE|[EXTERNAL]|Bytes:36
18:30:37.0 (1941093)|CODE_UNIT_STARTED|[EXTERNAL]|01p4100000GpZyG|blogAPI.getBlogData
18:30:37.0 (2031569)|HEAP_ALLOCATE|[EXTERNAL]|Bytes:1
18:30:37.0 (2046952)|METHOD_ENTRY|[1]|01p4100000GpZyG|blogAPI.blogAPI()
18:30:37.0 (2050581)|STATEMENT_EXECUTE|[1]
18:30:37.0 (2056725)|STATEMENT_EXECUTE|[1]
18:30:37.0 (2095190)|HEAP_ALLOCATE|[50]|Bytes:5
18:30:37.0 (2122148)|HEAP_ALLOCATE|[56]|Bytes:5
18:30:37.0 (2131068)|HEAP_ALLOCATE|[64]|Bytes:7
18:30:37.0 (2149268)|SYSTEM_MODE_ENTER|false
18:30:37.0 (2159170)|HEAP_ALLOCATE|[EXTERNAL]|Bytes:5
18:30:37.0 (2166131)|SYSTEM_MODE_EXIT|false
18:30:37.0 (2173335)|METHOD_EXIT|[1]|blogAPI
18:30:37.0 (2177637)|HEAP_ALLOCATE|[EXTERNAL]|Bytes:36
18:30:37.0 (2183347)|SYSTEM_MODE_ENTER|false
18:30:37.0 (2190958)|VARIABLE_SCOPE_BEGIN|[4]|uuid|String|false|false
18:30:37.0 (2335691)|VARIABLE_ASSIGNMENT|[4]|uuid|"98454fa8-3738-4e2f-8 (16 more) ..."
18:30:37.0 (2349048)|HEAP_ALLOCATE|[5]|Bytes:5
18:30:37.0 (2353457)|STATEMENT_EXECUTE|[4]
18:30:37.0 (2354897)|STATEMENT_EXECUTE|[5]
18:30:37.0 (2378165)|VARIABLE_SCOPE_BEGIN|[5]|req|System.HttpRequest|true|false
18:30:37.0 (2522605)|VARIABLE_ASSIGNMENT|[5]|req|"System.HttpRequest[Endpoint=null, Method=null]"|0x1b9d0624
18:30:37.0 (2528434)|STATEMENT_EXECUTE|[6]
18:30:37.0 (2532842)|HEAP_ALLOCATE|[6]|Bytes:44
18:30:37.0 (2546642)|HEAP_ALLOCATE|[6]|Bytes:80
18:30:37.0 (2755388)|STATEMENT_EXECUTE|[7]
18:30:37.0 (2760597)|HEAP_ALLOCATE|[7]|Bytes:3
18:30:37.0 (2791032)|STATEMENT_EXECUTE|[8]
18:30:37.0 (2806171)|VARIABLE_SCOPE_BEGIN|[8]|http|System.Http|true|false
18:30:37.0 (2874006)|VARIABLE_ASSIGNMENT|[8]|http|"System.Http[]"|0x60f7249
18:30:37.0 (2878753)|STATEMENT_EXECUTE|[9]
18:30:37.0 (2937299)|CALLOUT_REQUEST|[9]|System.HttpRequest[Endpoint=http://ui-blog.herokuapp.com/Blog/api/?uuid=98454fa8-3738-4e2f-8752-c50a23e79d1a, Method=GET]
18:30:37.0 (104044227)|HEAP_ALLOCATE|[EXTERNAL]|Bytes:1208
18:30:37.0 (104155176)|CALLOUT_RESPONSE|[9]|System.HttpResponse[Status=OK, StatusCode=200]
18:30:37.0 (104171487)|HEAP_ALLOCATE|[9]|Bytes:975
18:30:37.0 (104202526)|VARIABLE_SCOPE_BEGIN|[9]|res|System.HttpResponse|true|false
18:30:37.0 (104297172)|VARIABLE_ASSIGNMENT|[9]|res|"System.HttpResponse[Status=OK, StatusCode=200]"|0x158434e
18:30:37.0 (104304521)|STATEMENT_EXECUTE|[10]
18:30:37.0 (104408849)|HEAP_ALLOCATE|[10]|Bytes:969
18:30:37.0 (104429498)|SYSTEM_MODE_EXIT|false
18:30:37.106 (106193508)|CUMULATIVE_LIMIT_USAGE
18:30:37.106 (106193508)|LIMIT_USAGE_FOR_NS|(default)|
  Number of SOQL queries: 0 out of 100
  Number of query rows: 0 out of 50000
  Number of SOSL queries: 0 out of 20
  Number of DML statements: 0 out of 150
  Number of DML rows: 0 out of 10000
  Maximum CPU time: 0 out of 10000
  Maximum heap size: 0 out of 6000000
  Number of callouts: 1 out of 100
  Number of Email Invocations: 0 out of 10
  Number of future calls: 0 out of 50
  Number of queueable jobs added to the queue: 0 out of 50
  Number of Mobile Apex push calls: 0 out of 10

18:30:37.106 (106193508)|CUMULATIVE_LIMIT_USAGE_END

18:30:37.0 (106256602)|CODE_UNIT_FINISHED|blogAPI.getBlogData
