38.0 APEX_CODE,FINEST;APEX_PROFILING,INFO;CALLOUT,INFO;DB,INFO;SYSTEM,DEBUG;VALIDATION,INFO;VISUALFORCE,INFO;WORKFLOW,INFO
18:08:54.0 (314585)|USER_INFO|[EXTERNAL]|00541000000QZaN|jefflombardjr@gmail.com|Pacific Standard Time|GMT-08:00
18:08:54.0 (352109)|EXECUTION_STARTED
18:08:54.0 (358031)|CODE_UNIT_STARTED|[EXTERNAL]|aura
18:08:54.0 (663310)|HEAP_ALLOCATE|[72]|Bytes:3
18:08:54.0 (706149)|HEAP_ALLOCATE|[77]|Bytes:152
18:08:54.0 (725532)|HEAP_ALLOCATE|[342]|Bytes:408
18:08:54.0 (745852)|HEAP_ALLOCATE|[355]|Bytes:408
18:08:54.0 (765263)|HEAP_ALLOCATE|[467]|Bytes:48
18:08:54.0 (792324)|HEAP_ALLOCATE|[139]|Bytes:6
18:08:54.0 (815943)|HEAP_ALLOCATE|[EXTERNAL]|Bytes:36
18:08:54.0 (829843)|HEAP_ALLOCATE|[EXTERNAL]|Bytes:36
18:08:54.0 (1934955)|CODE_UNIT_STARTED|[EXTERNAL]|01p4100000GpZyG|blogAPI.getBlogData
18:08:54.0 (2033625)|HEAP_ALLOCATE|[EXTERNAL]|Bytes:1
18:08:54.0 (2047275)|METHOD_ENTRY|[1]|01p4100000GpZyG|blogAPI.blogAPI()
18:08:54.0 (2052434)|STATEMENT_EXECUTE|[1]
18:08:54.0 (2059349)|STATEMENT_EXECUTE|[1]
18:08:54.0 (2092878)|HEAP_ALLOCATE|[50]|Bytes:5
18:08:54.0 (2117721)|HEAP_ALLOCATE|[56]|Bytes:5
18:08:54.0 (2126391)|HEAP_ALLOCATE|[64]|Bytes:7
18:08:54.0 (2144214)|SYSTEM_MODE_ENTER|false
18:08:54.0 (2157739)|HEAP_ALLOCATE|[EXTERNAL]|Bytes:5
18:08:54.0 (2168007)|SYSTEM_MODE_EXIT|false
18:08:54.0 (2175348)|METHOD_EXIT|[1]|blogAPI
18:08:54.0 (2179696)|HEAP_ALLOCATE|[EXTERNAL]|Bytes:36
18:08:54.0 (2184376)|SYSTEM_MODE_ENTER|false
18:08:54.0 (2194758)|VARIABLE_SCOPE_BEGIN|[4]|uuid|String|false|false
18:08:54.0 (2227803)|VARIABLE_ASSIGNMENT|[4]|uuid|"98454fa8-3738-4e2f-8 (16 more) ..."
18:08:54.0 (2239787)|HEAP_ALLOCATE|[10]|Bytes:5
18:08:54.0 (2243221)|STATEMENT_EXECUTE|[4]
18:08:54.0 (2244495)|STATEMENT_EXECUTE|[10]
18:08:54.0 (2248325)|HEAP_ALLOCATE|[10]|Bytes:44
18:08:54.0 (2263216)|HEAP_ALLOCATE|[10]|Bytes:80
18:08:54.0 (2270935)|SYSTEM_MODE_EXIT|false
18:08:54.2 (2296100)|CUMULATIVE_LIMIT_USAGE
18:08:54.2 (2296100)|LIMIT_USAGE_FOR_NS|(default)|
  Number of SOQL queries: 0 out of 100
  Number of query rows: 0 out of 50000
  Number of SOSL queries: 0 out of 20
  Number of DML statements: 0 out of 150
  Number of DML rows: 0 out of 10000
  Maximum CPU time: 0 out of 10000
  Maximum heap size: 0 out of 6000000
  Number of callouts: 0 out of 100
  Number of Email Invocations: 0 out of 10
  Number of future calls: 0 out of 50
  Number of queueable jobs added to the queue: 0 out of 50
  Number of Mobile Apex push calls: 0 out of 10

18:08:54.2 (2296100)|CUMULATIVE_LIMIT_USAGE_END

18:08:54.0 (2337476)|CODE_UNIT_FINISHED|blogAPI.getBlogData
