38.0 APEX_CODE,FINEST;APEX_PROFILING,INFO;CALLOUT,INFO;DB,INFO;SYSTEM,DEBUG;VALIDATION,INFO;VISUALFORCE,INFO;WORKFLOW,INFO
18:31:16.0 (350235)|USER_INFO|[EXTERNAL]|00541000000QZaN|jefflombardjr@gmail.com|Pacific Standard Time|GMT-08:00
18:31:16.0 (391326)|EXECUTION_STARTED
18:31:16.0 (396871)|CODE_UNIT_STARTED|[EXTERNAL]|aura
18:31:16.0 (799023)|HEAP_ALLOCATE|[72]|Bytes:3
18:31:16.0 (859127)|HEAP_ALLOCATE|[77]|Bytes:152
18:31:16.0 (884638)|HEAP_ALLOCATE|[342]|Bytes:408
18:31:16.0 (910486)|HEAP_ALLOCATE|[355]|Bytes:408
18:31:16.0 (935592)|HEAP_ALLOCATE|[467]|Bytes:48
18:31:16.0 (970598)|HEAP_ALLOCATE|[139]|Bytes:6
18:31:16.0 (1002299)|HEAP_ALLOCATE|[EXTERNAL]|Bytes:36
18:31:16.0 (1033373)|HEAP_ALLOCATE|[EXTERNAL]|Bytes:36
18:31:16.0 (2238929)|CODE_UNIT_STARTED|[EXTERNAL]|01p4100000GpZyG|blogAPI.getBlogData
18:31:16.0 (2342778)|HEAP_ALLOCATE|[EXTERNAL]|Bytes:1
18:31:16.0 (2358600)|METHOD_ENTRY|[1]|01p4100000GpZyG|blogAPI.blogAPI()
18:31:16.0 (2366798)|STATEMENT_EXECUTE|[1]
18:31:16.0 (2374000)|STATEMENT_EXECUTE|[1]
18:31:16.0 (2413511)|HEAP_ALLOCATE|[50]|Bytes:5
18:31:16.0 (2445384)|HEAP_ALLOCATE|[56]|Bytes:5
18:31:16.0 (2454403)|HEAP_ALLOCATE|[64]|Bytes:7
18:31:16.0 (2475163)|SYSTEM_MODE_ENTER|false
18:31:16.0 (2492165)|HEAP_ALLOCATE|[EXTERNAL]|Bytes:5
18:31:16.0 (2499067)|SYSTEM_MODE_EXIT|false
18:31:16.0 (2508278)|METHOD_EXIT|[1]|blogAPI
18:31:16.0 (2512135)|HEAP_ALLOCATE|[EXTERNAL]|Bytes:36
18:31:16.0 (2517234)|SYSTEM_MODE_ENTER|false
18:31:16.0 (2526700)|VARIABLE_SCOPE_BEGIN|[4]|uuid|String|false|false
18:31:16.0 (2564457)|VARIABLE_ASSIGNMENT|[4]|uuid|"98454fa8-3738-4e2f-8 (16 more) ..."
18:31:16.0 (2579021)|HEAP_ALLOCATE|[5]|Bytes:5
18:31:16.0 (2582961)|STATEMENT_EXECUTE|[4]
18:31:16.0 (2584636)|STATEMENT_EXECUTE|[5]
18:31:16.0 (2619429)|VARIABLE_SCOPE_BEGIN|[5]|req|System.HttpRequest|true|false
18:31:16.0 (2783427)|VARIABLE_ASSIGNMENT|[5]|req|"System.HttpRequest[Endpoint=null, Method=null]"|0x1da25cc8
18:31:16.0 (2792012)|STATEMENT_EXECUTE|[6]
18:31:16.0 (2796872)|HEAP_ALLOCATE|[6]|Bytes:44
18:31:16.0 (2814400)|HEAP_ALLOCATE|[6]|Bytes:80
18:31:16.0 (2894578)|STATEMENT_EXECUTE|[7]
18:31:16.0 (2899441)|HEAP_ALLOCATE|[7]|Bytes:3
18:31:16.0 (2931983)|STATEMENT_EXECUTE|[8]
18:31:16.0 (2950101)|VARIABLE_SCOPE_BEGIN|[8]|http|System.Http|true|false
18:31:16.0 (3022437)|VARIABLE_ASSIGNMENT|[8]|http|"System.Http[]"|0x63e1dce3
18:31:16.0 (3032266)|STATEMENT_EXECUTE|[9]
18:31:16.0 (3098653)|CALLOUT_REQUEST|[9]|System.HttpRequest[Endpoint=http://ui-blog.herokuapp.com/Blog/api/?uuid=98454fa8-3738-4e2f-8752-c50a23e79d1a, Method=GET]
18:31:16.0 (107378276)|HEAP_ALLOCATE|[EXTERNAL]|Bytes:1208
18:31:16.0 (107513421)|CALLOUT_RESPONSE|[9]|System.HttpResponse[Status=OK, StatusCode=200]
18:31:16.0 (107531243)|HEAP_ALLOCATE|[9]|Bytes:975
18:31:16.0 (107574035)|VARIABLE_SCOPE_BEGIN|[9]|res|System.HttpResponse|true|false
18:31:16.0 (107690092)|VARIABLE_ASSIGNMENT|[9]|res|"System.HttpResponse[Status=OK, StatusCode=200]"|0x713d6ca2
18:31:16.0 (107699760)|STATEMENT_EXECUTE|[10]
18:31:16.0 (107831630)|HEAP_ALLOCATE|[10]|Bytes:969
18:31:16.0 (107855812)|SYSTEM_MODE_EXIT|false
18:31:16.109 (109906870)|CUMULATIVE_LIMIT_USAGE
18:31:16.109 (109906870)|LIMIT_USAGE_FOR_NS|(default)|
  Number of SOQL queries: 0 out of 100
  Number of query rows: 0 out of 50000
  Number of SOSL queries: 0 out of 20
  Number of DML statements: 0 out of 150
  Number of DML rows: 0 out of 10000
  Maximum CPU time: 0 out of 10000
  Maximum heap size: 0 out of 6000000
  Number of callouts: 1 out of 100
  Number of Email Invocations: 0 out of 10
  Number of future calls: 0 out of 50
  Number of queueable jobs added to the queue: 0 out of 50
  Number of Mobile Apex push calls: 0 out of 10

18:31:16.109 (109906870)|CUMULATIVE_LIMIT_USAGE_END

18:31:16.0 (109977382)|CODE_UNIT_FINISHED|blogAPI.getBlogData
