38.0 APEX_CODE,FINEST;APEX_PROFILING,INFO;CALLOUT,INFO;DB,INFO;SYSTEM,DEBUG;VALIDATION,INFO;VISUALFORCE,INFO;WORKFLOW,INFO
18:27:49.0 (86189)|USER_INFO|[EXTERNAL]|00541000000QZaN|jefflombardjr@gmail.com|Pacific Standard Time|GMT-08:00
18:27:49.0 (134973)|EXECUTION_STARTED
18:27:49.0 (140117)|CODE_UNIT_STARTED|[EXTERNAL]|aura
18:27:49.0 (485208)|HEAP_ALLOCATE|[72]|Bytes:3
18:27:49.0 (534535)|HEAP_ALLOCATE|[77]|Bytes:152
18:27:49.0 (552222)|HEAP_ALLOCATE|[342]|Bytes:408
18:27:49.0 (571493)|HEAP_ALLOCATE|[355]|Bytes:408
18:27:49.0 (590285)|HEAP_ALLOCATE|[467]|Bytes:48
18:27:49.0 (618065)|HEAP_ALLOCATE|[139]|Bytes:6
18:27:49.0 (643476)|HEAP_ALLOCATE|[EXTERNAL]|Bytes:36
18:27:49.0 (660760)|HEAP_ALLOCATE|[EXTERNAL]|Bytes:36
18:27:49.0 (1751587)|CODE_UNIT_STARTED|[EXTERNAL]|01p4100000GpZyG|blogAPI.getBlogData
18:27:49.0 (1831288)|HEAP_ALLOCATE|[EXTERNAL]|Bytes:1
18:27:49.0 (1844375)|METHOD_ENTRY|[1]|01p4100000GpZyG|blogAPI.blogAPI()
18:27:49.0 (1848370)|STATEMENT_EXECUTE|[1]
18:27:49.0 (1854814)|STATEMENT_EXECUTE|[1]
18:27:49.0 (1897372)|HEAP_ALLOCATE|[50]|Bytes:5
18:27:49.0 (1925179)|HEAP_ALLOCATE|[56]|Bytes:5
18:27:49.0 (1933671)|HEAP_ALLOCATE|[64]|Bytes:7
18:27:49.0 (1954807)|SYSTEM_MODE_ENTER|false
18:27:49.0 (1966542)|HEAP_ALLOCATE|[EXTERNAL]|Bytes:5
18:27:49.0 (1972737)|SYSTEM_MODE_EXIT|false
18:27:49.0 (1981255)|METHOD_EXIT|[1]|blogAPI
18:27:49.0 (1985456)|HEAP_ALLOCATE|[EXTERNAL]|Bytes:36
18:27:49.0 (1991401)|SYSTEM_MODE_ENTER|false
18:27:49.0 (1997929)|VARIABLE_SCOPE_BEGIN|[4]|uuid|String|false|false
18:27:49.0 (2028484)|VARIABLE_ASSIGNMENT|[4]|uuid|"98454fa8-3738-4e2f-8 (16 more) ..."
18:27:49.0 (2042780)|HEAP_ALLOCATE|[5]|Bytes:5
18:27:49.0 (2046591)|STATEMENT_EXECUTE|[4]
18:27:49.0 (2047704)|STATEMENT_EXECUTE|[5]
18:27:49.0 (2079042)|VARIABLE_SCOPE_BEGIN|[5]|req|System.HttpRequest|true|false
18:27:49.0 (2213481)|VARIABLE_ASSIGNMENT|[5]|req|"System.HttpRequest[Endpoint=null, Method=null]"|0x2987bc9
18:27:49.0 (2218042)|STATEMENT_EXECUTE|[6]
18:27:49.0 (2222248)|HEAP_ALLOCATE|[6]|Bytes:44
18:27:49.0 (2238698)|HEAP_ALLOCATE|[6]|Bytes:80
18:27:49.0 (2312286)|STATEMENT_EXECUTE|[7]
18:27:49.0 (2316655)|HEAP_ALLOCATE|[7]|Bytes:3
18:27:49.0 (2340278)|STATEMENT_EXECUTE|[8]
18:27:49.0 (2354978)|VARIABLE_SCOPE_BEGIN|[8]|http|System.Http|true|false
18:27:49.0 (2419858)|VARIABLE_ASSIGNMENT|[8]|http|"System.Http[]"|0x5d8ccdfc
18:27:49.0 (2424164)|STATEMENT_EXECUTE|[9]
18:27:49.0 (2505419)|CALLOUT_REQUEST|[9]|System.HttpRequest[Endpoint=http://ui-blog.herokuapp.com/Blog/api/?uuid=98454fa8-3738-4e2f-8752-c50a23e79d1a, Method=GET]
18:27:49.0 (102257830)|HEAP_ALLOCATE|[EXTERNAL]|Bytes:1208
18:27:49.0 (102354674)|CALLOUT_RESPONSE|[9]|System.HttpResponse[Status=OK, StatusCode=200]
18:27:49.0 (102369157)|HEAP_ALLOCATE|[9]|Bytes:975
18:27:49.0 (102398922)|VARIABLE_SCOPE_BEGIN|[9]|res|System.HttpResponse|true|false
18:27:49.0 (102491909)|VARIABLE_ASSIGNMENT|[9]|res|"System.HttpResponse[Status=OK, StatusCode=200]"|0x6a780c4c
18:27:49.0 (102498961)|STATEMENT_EXECUTE|[10]
18:27:49.0 (102608902)|HEAP_ALLOCATE|[10]|Bytes:969
18:27:49.0 (102625754)|SYSTEM_MODE_EXIT|false
18:27:49.104 (104126314)|CUMULATIVE_LIMIT_USAGE
18:27:49.104 (104126314)|LIMIT_USAGE_FOR_NS|(default)|
  Number of SOQL queries: 0 out of 100
  Number of query rows: 0 out of 50000
  Number of SOSL queries: 0 out of 20
  Number of DML statements: 0 out of 150
  Number of DML rows: 0 out of 10000
  Maximum CPU time: 0 out of 10000
  Maximum heap size: 0 out of 6000000
  Number of callouts: 1 out of 100
  Number of Email Invocations: 0 out of 10
  Number of future calls: 0 out of 50
  Number of queueable jobs added to the queue: 0 out of 50
  Number of Mobile Apex push calls: 0 out of 10

18:27:49.104 (104126314)|CUMULATIVE_LIMIT_USAGE_END

18:27:49.0 (104180142)|CODE_UNIT_FINISHED|blogAPI.getBlogData
