38.0 APEX_CODE,FINEST;APEX_PROFILING,INFO;CALLOUT,INFO;DB,INFO;SYSTEM,DEBUG;VALIDATION,INFO;VISUALFORCE,INFO;WORKFLOW,INFO
18:10:11.0 (319840)|USER_INFO|[EXTERNAL]|00541000000QZaN|jefflombardjr@gmail.com|Pacific Standard Time|GMT-08:00
18:10:11.0 (354587)|EXECUTION_STARTED
18:10:11.0 (360112)|CODE_UNIT_STARTED|[EXTERNAL]|aura
18:10:11.0 (701840)|HEAP_ALLOCATE|[72]|Bytes:3
18:10:11.0 (751671)|HEAP_ALLOCATE|[77]|Bytes:152
18:10:11.0 (775109)|HEAP_ALLOCATE|[342]|Bytes:408
18:10:11.0 (807770)|HEAP_ALLOCATE|[355]|Bytes:408
18:10:11.0 (837718)|HEAP_ALLOCATE|[467]|Bytes:48
18:10:11.0 (875099)|HEAP_ALLOCATE|[139]|Bytes:6
18:10:11.0 (906948)|HEAP_ALLOCATE|[EXTERNAL]|Bytes:36
18:10:11.0 (926198)|HEAP_ALLOCATE|[EXTERNAL]|Bytes:36
18:10:11.0 (2177603)|CODE_UNIT_STARTED|[EXTERNAL]|01p4100000GpZyG|blogAPI.getBlogData
18:10:11.0 (2264261)|HEAP_ALLOCATE|[EXTERNAL]|Bytes:1
18:10:11.0 (2277822)|METHOD_ENTRY|[1]|01p4100000GpZyG|blogAPI.blogAPI()
18:10:11.0 (2282673)|STATEMENT_EXECUTE|[1]
18:10:11.0 (2289039)|STATEMENT_EXECUTE|[1]
18:10:11.0 (2322685)|HEAP_ALLOCATE|[50]|Bytes:5
18:10:11.0 (2346350)|HEAP_ALLOCATE|[56]|Bytes:5
18:10:11.0 (2354465)|HEAP_ALLOCATE|[64]|Bytes:7
18:10:11.0 (2371878)|SYSTEM_MODE_ENTER|false
18:10:11.0 (2388131)|HEAP_ALLOCATE|[EXTERNAL]|Bytes:5
18:10:11.0 (2394468)|SYSTEM_MODE_EXIT|false
18:10:11.0 (2401676)|METHOD_EXIT|[1]|blogAPI
18:10:11.0 (2406222)|HEAP_ALLOCATE|[EXTERNAL]|Bytes:36
18:10:11.0 (2412731)|SYSTEM_MODE_ENTER|false
18:10:11.0 (2425088)|VARIABLE_SCOPE_BEGIN|[4]|uuid|String|false|false
18:10:11.0 (2449185)|VARIABLE_ASSIGNMENT|[4]|uuid|"98454fa8-3738-4e2f-8 (16 more) ..."
18:10:11.0 (2460334)|HEAP_ALLOCATE|[10]|Bytes:5
18:10:11.0 (2464180)|STATEMENT_EXECUTE|[4]
18:10:11.0 (2465556)|STATEMENT_EXECUTE|[10]
18:10:11.0 (2468918)|HEAP_ALLOCATE|[10]|Bytes:44
18:10:11.0 (2480635)|HEAP_ALLOCATE|[10]|Bytes:80
18:10:11.0 (2488354)|SYSTEM_MODE_EXIT|false
18:10:11.2 (2514990)|CUMULATIVE_LIMIT_USAGE
18:10:11.2 (2514990)|LIMIT_USAGE_FOR_NS|(default)|
  Number of SOQL queries: 0 out of 100
  Number of query rows: 0 out of 50000
  Number of SOSL queries: 0 out of 20
  Number of DML statements: 0 out of 150
  Number of DML rows: 0 out of 10000
  Maximum CPU time: 0 out of 10000
  Maximum heap size: 0 out of 6000000
  Number of callouts: 0 out of 100
  Number of Email Invocations: 0 out of 10
  Number of future calls: 0 out of 50
  Number of queueable jobs added to the queue: 0 out of 50
  Number of Mobile Apex push calls: 0 out of 10

18:10:11.2 (2514990)|CUMULATIVE_LIMIT_USAGE_END

18:10:11.0 (2561987)|CODE_UNIT_FINISHED|blogAPI.getBlogData
