38.0 APEX_CODE,FINEST;APEX_PROFILING,INFO;CALLOUT,INFO;DB,INFO;SYSTEM,DEBUG;VALIDATION,INFO;VISUALFORCE,INFO;WORKFLOW,INFO
18:17:42.0 (302739)|USER_INFO|[EXTERNAL]|00541000000QZaN|jefflombardjr@gmail.com|Pacific Standard Time|GMT-08:00
18:17:42.0 (335561)|EXECUTION_STARTED
18:17:42.0 (340432)|CODE_UNIT_STARTED|[EXTERNAL]|aura
18:17:42.0 (727207)|HEAP_ALLOCATE|[72]|Bytes:3
18:17:42.0 (781991)|HEAP_ALLOCATE|[77]|Bytes:152
18:17:42.0 (803449)|HEAP_ALLOCATE|[342]|Bytes:408
18:17:42.0 (823291)|HEAP_ALLOCATE|[355]|Bytes:408
18:17:42.0 (842522)|HEAP_ALLOCATE|[467]|Bytes:48
18:17:42.0 (871406)|HEAP_ALLOCATE|[139]|Bytes:6
18:17:42.0 (893516)|HEAP_ALLOCATE|[EXTERNAL]|Bytes:36
18:17:42.0 (906141)|HEAP_ALLOCATE|[EXTERNAL]|Bytes:36
18:17:42.0 (1974706)|CODE_UNIT_STARTED|[EXTERNAL]|01p4100000GpZyG|blogAPI.getBlogData
18:17:42.0 (2064992)|HEAP_ALLOCATE|[EXTERNAL]|Bytes:1
18:17:42.0 (2079586)|METHOD_ENTRY|[1]|01p4100000GpZyG|blogAPI.blogAPI()
18:17:42.0 (2085755)|STATEMENT_EXECUTE|[1]
18:17:42.0 (2093575)|STATEMENT_EXECUTE|[1]
18:17:42.0 (2133839)|HEAP_ALLOCATE|[50]|Bytes:5
18:17:42.0 (2163000)|HEAP_ALLOCATE|[56]|Bytes:5
18:17:42.0 (2171887)|HEAP_ALLOCATE|[64]|Bytes:7
18:17:42.0 (2192525)|SYSTEM_MODE_ENTER|false
18:17:42.0 (2209810)|HEAP_ALLOCATE|[EXTERNAL]|Bytes:5
18:17:42.0 (2218474)|SYSTEM_MODE_EXIT|false
18:17:42.0 (2226190)|METHOD_EXIT|[1]|blogAPI
18:17:42.0 (2230302)|HEAP_ALLOCATE|[EXTERNAL]|Bytes:36
18:17:42.0 (2236010)|SYSTEM_MODE_ENTER|false
18:17:42.0 (2246084)|VARIABLE_SCOPE_BEGIN|[4]|uuid|String|false|false
18:17:42.0 (2269047)|VARIABLE_ASSIGNMENT|[4]|uuid|"98454fa8-3738-4e2f-8 (16 more) ..."
18:17:42.0 (2282388)|HEAP_ALLOCATE|[5]|Bytes:5
18:17:42.0 (2286532)|STATEMENT_EXECUTE|[4]
18:17:42.0 (2287887)|STATEMENT_EXECUTE|[5]
18:17:42.0 (2320700)|VARIABLE_SCOPE_BEGIN|[5]|req|System.HttpRequest|true|false
18:17:42.0 (2458199)|VARIABLE_ASSIGNMENT|[5]|req|"System.HttpRequest[Endpoint=null, Method=null]"|0x400f29f3
18:17:42.0 (2463534)|STATEMENT_EXECUTE|[6]
18:17:42.0 (2468636)|HEAP_ALLOCATE|[6]|Bytes:44
18:17:42.0 (2487084)|HEAP_ALLOCATE|[6]|Bytes:80
18:17:42.0 (2720920)|STATEMENT_EXECUTE|[7]
18:17:42.0 (2726185)|HEAP_ALLOCATE|[7]|Bytes:3
18:17:42.0 (2756353)|STATEMENT_EXECUTE|[8]
18:17:42.0 (2771431)|VARIABLE_SCOPE_BEGIN|[8]|http|System.Http|true|false
18:17:42.0 (2839455)|VARIABLE_ASSIGNMENT|[8]|http|"System.Http[]"|0x4b743dad
18:17:42.0 (2843812)|STATEMENT_EXECUTE|[9]
18:17:42.0 (2906166)|CALLOUT_REQUEST|[9]|System.HttpRequest[Endpoint=http://ui-blog.herokuapp.com/Blog/api/?uuid=98454fa8-3738-4e2f-8752-c50a23e79d1a, Method=GET]
18:17:42.0 (196089965)|HEAP_ALLOCATE|[EXTERNAL]|Bytes:1208
18:17:42.0 (196187126)|CALLOUT_RESPONSE|[9]|System.HttpResponse[Status=OK, StatusCode=200]
18:17:42.0 (196210460)|HEAP_ALLOCATE|[9]|Bytes:975
18:17:42.0 (196244362)|VARIABLE_SCOPE_BEGIN|[9]|res|System.HttpResponse|true|false
18:17:42.0 (196343724)|VARIABLE_ASSIGNMENT|[9]|res|"System.HttpResponse[Status=OK, StatusCode=200]"|0x4ad7984
18:17:42.0 (196352117)|STATEMENT_EXECUTE|[10]
18:17:42.0 (196475396)|HEAP_ALLOCATE|[10]|Bytes:969
18:17:42.0 (196500009)|SYSTEM_MODE_EXIT|false
18:17:42.198 (198295474)|CUMULATIVE_LIMIT_USAGE
18:17:42.198 (198295474)|LIMIT_USAGE_FOR_NS|(default)|
  Number of SOQL queries: 0 out of 100
  Number of query rows: 0 out of 50000
  Number of SOSL queries: 0 out of 20
  Number of DML statements: 0 out of 150
  Number of DML rows: 0 out of 10000
  Maximum CPU time: 0 out of 10000
  Maximum heap size: 0 out of 6000000
  Number of callouts: 1 out of 100
  Number of Email Invocations: 0 out of 10
  Number of future calls: 0 out of 50
  Number of queueable jobs added to the queue: 0 out of 50
  Number of Mobile Apex push calls: 0 out of 10

18:17:42.198 (198295474)|CUMULATIVE_LIMIT_USAGE_END

18:17:42.0 (198356476)|CODE_UNIT_FINISHED|blogAPI.getBlogData
