38.0 APEX_CODE,FINEST;APEX_PROFILING,INFO;CALLOUT,INFO;DB,INFO;SYSTEM,DEBUG;VALIDATION,INFO;VISUALFORCE,INFO;WORKFLOW,INFO
18:21:10.0 (387518)|USER_INFO|[EXTERNAL]|00541000000QZaN|jefflombardjr@gmail.com|Pacific Standard Time|GMT-08:00
18:21:10.0 (420804)|EXECUTION_STARTED
18:21:10.0 (426475)|CODE_UNIT_STARTED|[EXTERNAL]|aura
18:21:10.0 (726894)|HEAP_ALLOCATE|[72]|Bytes:3
18:21:10.0 (763789)|HEAP_ALLOCATE|[77]|Bytes:152
18:21:10.0 (780305)|HEAP_ALLOCATE|[342]|Bytes:408
18:21:10.0 (800261)|HEAP_ALLOCATE|[355]|Bytes:408
18:21:10.0 (819333)|HEAP_ALLOCATE|[467]|Bytes:48
18:21:10.0 (845202)|HEAP_ALLOCATE|[139]|Bytes:6
18:21:10.0 (866095)|HEAP_ALLOCATE|[EXTERNAL]|Bytes:36
18:21:10.0 (881745)|HEAP_ALLOCATE|[EXTERNAL]|Bytes:36
18:21:10.0 (1958624)|CODE_UNIT_STARTED|[EXTERNAL]|01p4100000GpZyG|blogAPI.getBlogData
18:21:10.0 (2048245)|HEAP_ALLOCATE|[EXTERNAL]|Bytes:1
18:21:10.0 (2062538)|METHOD_ENTRY|[1]|01p4100000GpZyG|blogAPI.blogAPI()
18:21:10.0 (2067351)|STATEMENT_EXECUTE|[1]
18:21:10.0 (2073852)|STATEMENT_EXECUTE|[1]
18:21:10.0 (2103414)|HEAP_ALLOCATE|[50]|Bytes:5
18:21:10.0 (2124255)|HEAP_ALLOCATE|[56]|Bytes:5
18:21:10.0 (2132644)|HEAP_ALLOCATE|[64]|Bytes:7
18:21:10.0 (2149314)|SYSTEM_MODE_ENTER|false
18:21:10.0 (2160021)|HEAP_ALLOCATE|[EXTERNAL]|Bytes:5
18:21:10.0 (2165429)|SYSTEM_MODE_EXIT|false
18:21:10.0 (2172155)|METHOD_EXIT|[1]|blogAPI
18:21:10.0 (2176151)|HEAP_ALLOCATE|[EXTERNAL]|Bytes:36
18:21:10.0 (2182955)|SYSTEM_MODE_ENTER|false
18:21:10.0 (2190827)|VARIABLE_SCOPE_BEGIN|[4]|uuid|String|false|false
18:21:10.0 (2219363)|VARIABLE_ASSIGNMENT|[4]|uuid|"98454fa8-3738-4e2f-8 (16 more) ..."
18:21:10.0 (2229596)|HEAP_ALLOCATE|[5]|Bytes:5
18:21:10.0 (2233378)|STATEMENT_EXECUTE|[4]
18:21:10.0 (2234882)|STATEMENT_EXECUTE|[5]
18:21:10.0 (2259401)|VARIABLE_SCOPE_BEGIN|[5]|req|System.HttpRequest|true|false
18:21:10.0 (2474510)|VARIABLE_ASSIGNMENT|[5]|req|"System.HttpRequest[Endpoint=null, Method=null]"|0x2cc58041
18:21:10.0 (2480216)|STATEMENT_EXECUTE|[6]
18:21:10.0 (2484428)|HEAP_ALLOCATE|[6]|Bytes:44
18:21:10.0 (2498756)|HEAP_ALLOCATE|[6]|Bytes:80
18:21:10.0 (2573705)|STATEMENT_EXECUTE|[7]
18:21:10.0 (2578522)|HEAP_ALLOCATE|[7]|Bytes:3
18:21:10.0 (2611482)|STATEMENT_EXECUTE|[8]
18:21:10.0 (2637987)|VARIABLE_SCOPE_BEGIN|[8]|http|System.Http|true|false
18:21:10.0 (2708892)|VARIABLE_ASSIGNMENT|[8]|http|"System.Http[]"|0x54e4c633
18:21:10.0 (2715486)|STATEMENT_EXECUTE|[9]
18:21:10.0 (2838997)|CALLOUT_REQUEST|[9]|System.HttpRequest[Endpoint=http://ui-blog.herokuapp.com/Blog/api/?uuid=98454fa8-3738-4e2f-8752-c50a23e79d1a, Method=GET]
18:21:10.0 (113296461)|HEAP_ALLOCATE|[EXTERNAL]|Bytes:1208
18:21:10.0 (113397005)|CALLOUT_RESPONSE|[9]|System.HttpResponse[Status=OK, StatusCode=200]
18:21:10.0 (113409629)|HEAP_ALLOCATE|[9]|Bytes:975
18:21:10.0 (113434796)|VARIABLE_SCOPE_BEGIN|[9]|res|System.HttpResponse|true|false
18:21:10.0 (113530857)|VARIABLE_ASSIGNMENT|[9]|res|"System.HttpResponse[Status=OK, StatusCode=200]"|0x6c69d2c1
18:21:10.0 (113538465)|STATEMENT_EXECUTE|[10]
18:21:10.0 (113634793)|HEAP_ALLOCATE|[10]|Bytes:969
18:21:10.0 (113651370)|SYSTEM_MODE_EXIT|false
18:21:10.115 (115702607)|CUMULATIVE_LIMIT_USAGE
18:21:10.115 (115702607)|LIMIT_USAGE_FOR_NS|(default)|
  Number of SOQL queries: 0 out of 100
  Number of query rows: 0 out of 50000
  Number of SOSL queries: 0 out of 20
  Number of DML statements: 0 out of 150
  Number of DML rows: 0 out of 10000
  Maximum CPU time: 0 out of 10000
  Maximum heap size: 0 out of 6000000
  Number of callouts: 1 out of 100
  Number of Email Invocations: 0 out of 10
  Number of future calls: 0 out of 50
  Number of queueable jobs added to the queue: 0 out of 50
  Number of Mobile Apex push calls: 0 out of 10

18:21:10.115 (115702607)|CUMULATIVE_LIMIT_USAGE_END

18:21:10.0 (115760738)|CODE_UNIT_FINISHED|blogAPI.getBlogData
