38.0 APEX_CODE,FINEST;APEX_PROFILING,INFO;CALLOUT,INFO;DB,INFO;SYSTEM,DEBUG;VALIDATION,INFO;VISUALFORCE,INFO;WORKFLOW,INFO
18:35:39.0 (311161)|USER_INFO|[EXTERNAL]|00541000000QZaN|jefflombardjr@gmail.com|Pacific Standard Time|GMT-08:00
18:35:39.0 (343471)|EXECUTION_STARTED
18:35:39.0 (349369)|CODE_UNIT_STARTED|[EXTERNAL]|aura
18:35:39.0 (651832)|HEAP_ALLOCATE|[72]|Bytes:3
18:35:39.0 (733777)|HEAP_ALLOCATE|[77]|Bytes:152
18:35:39.0 (753967)|HEAP_ALLOCATE|[342]|Bytes:408
18:35:39.0 (773986)|HEAP_ALLOCATE|[355]|Bytes:408
18:35:39.0 (792957)|HEAP_ALLOCATE|[467]|Bytes:48
18:35:39.0 (851731)|HEAP_ALLOCATE|[139]|Bytes:6
18:35:39.0 (873572)|HEAP_ALLOCATE|[EXTERNAL]|Bytes:36
18:35:39.0 (902611)|HEAP_ALLOCATE|[EXTERNAL]|Bytes:36
18:35:39.0 (1996680)|CODE_UNIT_STARTED|[EXTERNAL]|01p4100000GpZyG|blogAPI.getBlogData
18:35:39.0 (2081536)|HEAP_ALLOCATE|[EXTERNAL]|Bytes:1
18:35:39.0 (2114158)|METHOD_ENTRY|[1]|01p4100000GpZyG|blogAPI.blogAPI()
18:35:39.0 (2119340)|STATEMENT_EXECUTE|[1]
18:35:39.0 (2126835)|STATEMENT_EXECUTE|[1]
18:35:39.0 (2165742)|HEAP_ALLOCATE|[50]|Bytes:5
18:35:39.0 (2194690)|HEAP_ALLOCATE|[56]|Bytes:5
18:35:39.0 (2203333)|HEAP_ALLOCATE|[64]|Bytes:7
18:35:39.0 (2223583)|SYSTEM_MODE_ENTER|false
18:35:39.0 (2240221)|HEAP_ALLOCATE|[EXTERNAL]|Bytes:5
18:35:39.0 (2258654)|SYSTEM_MODE_EXIT|false
18:35:39.0 (2283926)|METHOD_EXIT|[1]|blogAPI
18:35:39.0 (2289984)|HEAP_ALLOCATE|[EXTERNAL]|Bytes:36
18:35:39.0 (2299059)|SYSTEM_MODE_ENTER|false
18:35:39.0 (2305112)|VARIABLE_SCOPE_BEGIN|[4]|uuid|String|false|false
18:35:39.0 (2335866)|VARIABLE_ASSIGNMENT|[4]|uuid|"98454fa8-3738-4e2f-8 (16 more) ..."
18:35:39.0 (2350450)|HEAP_ALLOCATE|[5]|Bytes:5
18:35:39.0 (2354799)|STATEMENT_EXECUTE|[4]
18:35:39.0 (2356326)|STATEMENT_EXECUTE|[5]
18:35:39.0 (2388442)|VARIABLE_SCOPE_BEGIN|[5]|req|System.HttpRequest|true|false
18:35:39.0 (2501576)|VARIABLE_ASSIGNMENT|[5]|req|"System.HttpRequest[Endpoint=null, Method=null]"|0x14432ebb
18:35:39.0 (2507006)|STATEMENT_EXECUTE|[6]
18:35:39.0 (2511160)|HEAP_ALLOCATE|[6]|Bytes:44
18:35:39.0 (2527570)|HEAP_ALLOCATE|[6]|Bytes:80
18:35:39.0 (2651523)|STATEMENT_EXECUTE|[7]
18:35:39.0 (2656464)|HEAP_ALLOCATE|[7]|Bytes:3
18:35:39.0 (2685392)|STATEMENT_EXECUTE|[8]
18:35:39.0 (2700428)|VARIABLE_SCOPE_BEGIN|[8]|http|System.Http|true|false
18:35:39.0 (2767048)|VARIABLE_ASSIGNMENT|[8]|http|"System.Http[]"|0x4d717fde
18:35:39.0 (2771995)|STATEMENT_EXECUTE|[9]
18:35:39.0 (2830869)|CALLOUT_REQUEST|[9]|System.HttpRequest[Endpoint=http://ui-blog.herokuapp.com/Blog/api/?uuid=98454fa8-3738-4e2f-8752-c50a23e79d1a, Method=GET]
18:35:39.0 (208497877)|HEAP_ALLOCATE|[EXTERNAL]|Bytes:1208
18:35:39.0 (208642498)|CALLOUT_RESPONSE|[9]|System.HttpResponse[Status=OK, StatusCode=200]
18:35:39.0 (208663221)|HEAP_ALLOCATE|[9]|Bytes:975
18:35:39.0 (208703012)|VARIABLE_SCOPE_BEGIN|[9]|res|System.HttpResponse|true|false
18:35:39.0 (208834576)|VARIABLE_ASSIGNMENT|[9]|res|"System.HttpResponse[Status=OK, StatusCode=200]"|0x47c7e607
18:35:39.0 (208844532)|STATEMENT_EXECUTE|[10]
18:35:39.0 (208969215)|HEAP_ALLOCATE|[10]|Bytes:969
18:35:39.0 (208994119)|SYSTEM_MODE_EXIT|false
18:35:39.210 (210891572)|CUMULATIVE_LIMIT_USAGE
18:35:39.210 (210891572)|LIMIT_USAGE_FOR_NS|(default)|
  Number of SOQL queries: 0 out of 100
  Number of query rows: 0 out of 50000
  Number of SOSL queries: 0 out of 20
  Number of DML statements: 0 out of 150
  Number of DML rows: 0 out of 10000
  Maximum CPU time: 0 out of 10000
  Maximum heap size: 0 out of 6000000
  Number of callouts: 1 out of 100
  Number of Email Invocations: 0 out of 10
  Number of future calls: 0 out of 50
  Number of queueable jobs added to the queue: 0 out of 50
  Number of Mobile Apex push calls: 0 out of 10

18:35:39.210 (210891572)|CUMULATIVE_LIMIT_USAGE_END

18:35:39.0 (210946644)|CODE_UNIT_FINISHED|blogAPI.getBlogData
