38.0 APEX_CODE,FINEST;APEX_PROFILING,INFO;CALLOUT,INFO;DB,INFO;SYSTEM,DEBUG;VALIDATION,INFO;VISUALFORCE,INFO;WORKFLOW,INFO
18:32:18.0 (319426)|USER_INFO|[EXTERNAL]|00541000000QZaN|jefflombardjr@gmail.com|Pacific Standard Time|GMT-08:00
18:32:18.0 (351488)|EXECUTION_STARTED
18:32:18.0 (355851)|CODE_UNIT_STARTED|[EXTERNAL]|aura
18:32:18.0 (629483)|HEAP_ALLOCATE|[72]|Bytes:3
18:32:18.0 (665643)|HEAP_ALLOCATE|[77]|Bytes:152
18:32:18.0 (681538)|HEAP_ALLOCATE|[342]|Bytes:408
18:32:18.0 (701274)|HEAP_ALLOCATE|[355]|Bytes:408
18:32:18.0 (720621)|HEAP_ALLOCATE|[467]|Bytes:48
18:32:18.0 (746815)|HEAP_ALLOCATE|[139]|Bytes:6
18:32:18.0 (765531)|HEAP_ALLOCATE|[EXTERNAL]|Bytes:36
18:32:18.0 (779314)|HEAP_ALLOCATE|[EXTERNAL]|Bytes:36
18:32:18.0 (1770960)|CODE_UNIT_STARTED|[EXTERNAL]|01p4100000GpZyG|blogAPI.getBlogData
18:32:18.0 (1841021)|HEAP_ALLOCATE|[EXTERNAL]|Bytes:1
18:32:18.0 (1852602)|METHOD_ENTRY|[1]|01p4100000GpZyG|blogAPI.blogAPI()
18:32:18.0 (1856732)|STATEMENT_EXECUTE|[1]
18:32:18.0 (1861074)|STATEMENT_EXECUTE|[1]
18:32:18.0 (1889158)|HEAP_ALLOCATE|[50]|Bytes:5
18:32:18.0 (1909271)|HEAP_ALLOCATE|[56]|Bytes:5
18:32:18.0 (1917939)|HEAP_ALLOCATE|[64]|Bytes:7
18:32:18.0 (1936039)|SYSTEM_MODE_ENTER|false
18:32:18.0 (1946953)|HEAP_ALLOCATE|[EXTERNAL]|Bytes:5
18:32:18.0 (1952804)|SYSTEM_MODE_EXIT|false
18:32:18.0 (1960819)|METHOD_EXIT|[1]|blogAPI
18:32:18.0 (1964808)|HEAP_ALLOCATE|[EXTERNAL]|Bytes:36
18:32:18.0 (1970125)|SYSTEM_MODE_ENTER|false
18:32:18.0 (1976837)|VARIABLE_SCOPE_BEGIN|[4]|uuid|String|false|false
18:32:18.0 (2010402)|VARIABLE_ASSIGNMENT|[4]|uuid|"98454fa8-3738-4e2f-8 (16 more) ..."
18:32:18.0 (2021886)|HEAP_ALLOCATE|[5]|Bytes:5
18:32:18.0 (2025506)|STATEMENT_EXECUTE|[4]
18:32:18.0 (2026740)|STATEMENT_EXECUTE|[5]
18:32:18.0 (2050954)|VARIABLE_SCOPE_BEGIN|[5]|req|System.HttpRequest|true|false
18:32:18.0 (2195904)|VARIABLE_ASSIGNMENT|[5]|req|"System.HttpRequest[Endpoint=null, Method=null]"|0x72506afc
18:32:18.0 (2205108)|STATEMENT_EXECUTE|[6]
18:32:18.0 (2209663)|HEAP_ALLOCATE|[6]|Bytes:44
18:32:18.0 (2221255)|HEAP_ALLOCATE|[6]|Bytes:80
18:32:18.0 (2278418)|STATEMENT_EXECUTE|[7]
18:32:18.0 (2282585)|HEAP_ALLOCATE|[7]|Bytes:3
18:32:18.0 (2306322)|STATEMENT_EXECUTE|[8]
18:32:18.0 (2321866)|VARIABLE_SCOPE_BEGIN|[8]|http|System.Http|true|false
18:32:18.0 (2388526)|VARIABLE_ASSIGNMENT|[8]|http|"System.Http[]"|0x1af9fa37
18:32:18.0 (2393039)|STATEMENT_EXECUTE|[9]
18:32:18.0 (2453253)|CALLOUT_REQUEST|[9]|System.HttpRequest[Endpoint=http://ui-blog.herokuapp.com/Blog/api/?uuid=98454fa8-3738-4e2f-8752-c50a23e79d1a, Method=GET]
18:32:18.0 (101911270)|HEAP_ALLOCATE|[EXTERNAL]|Bytes:1208
18:32:18.0 (102023007)|CALLOUT_RESPONSE|[9]|System.HttpResponse[Status=OK, StatusCode=200]
18:32:18.0 (102043865)|HEAP_ALLOCATE|[9]|Bytes:975
18:32:18.0 (102078683)|VARIABLE_SCOPE_BEGIN|[9]|res|System.HttpResponse|true|false
18:32:18.0 (102204991)|VARIABLE_ASSIGNMENT|[9]|res|"System.HttpResponse[Status=OK, StatusCode=200]"|0x76e5b2f1
18:32:18.0 (102214263)|STATEMENT_EXECUTE|[10]
18:32:18.0 (102355085)|HEAP_ALLOCATE|[10]|Bytes:969
18:32:18.0 (102379336)|SYSTEM_MODE_EXIT|false
18:32:18.104 (104431932)|CUMULATIVE_LIMIT_USAGE
18:32:18.104 (104431932)|LIMIT_USAGE_FOR_NS|(default)|
  Number of SOQL queries: 0 out of 100
  Number of query rows: 0 out of 50000
  Number of SOSL queries: 0 out of 20
  Number of DML statements: 0 out of 150
  Number of DML rows: 0 out of 10000
  Maximum CPU time: 0 out of 10000
  Maximum heap size: 0 out of 6000000
  Number of callouts: 1 out of 100
  Number of Email Invocations: 0 out of 10
  Number of future calls: 0 out of 50
  Number of queueable jobs added to the queue: 0 out of 50
  Number of Mobile Apex push calls: 0 out of 10

18:32:18.104 (104431932)|CUMULATIVE_LIMIT_USAGE_END

18:32:18.0 (104486405)|CODE_UNIT_FINISHED|blogAPI.getBlogData
