38.0 APEX_CODE,FINEST;APEX_PROFILING,INFO;CALLOUT,INFO;DB,INFO;SYSTEM,DEBUG;VALIDATION,INFO;VISUALFORCE,INFO;WORKFLOW,INFO
18:36:42.0 (339401)|USER_INFO|[EXTERNAL]|00541000000QZaN|jefflombardjr@gmail.com|Pacific Standard Time|GMT-08:00
18:36:42.0 (377945)|EXECUTION_STARTED
18:36:42.0 (385502)|CODE_UNIT_STARTED|[EXTERNAL]|aura
18:36:42.0 (686430)|HEAP_ALLOCATE|[72]|Bytes:3
18:36:42.0 (739945)|HEAP_ALLOCATE|[77]|Bytes:152
18:36:42.0 (758458)|HEAP_ALLOCATE|[342]|Bytes:408
18:36:42.0 (778495)|HEAP_ALLOCATE|[355]|Bytes:408
18:36:42.0 (797388)|HEAP_ALLOCATE|[467]|Bytes:48
18:36:42.0 (826521)|HEAP_ALLOCATE|[139]|Bytes:6
18:36:42.0 (849297)|HEAP_ALLOCATE|[EXTERNAL]|Bytes:36
18:36:42.0 (865641)|HEAP_ALLOCATE|[EXTERNAL]|Bytes:36
18:36:42.0 (2274097)|CODE_UNIT_STARTED|[EXTERNAL]|01p4100000GpZyG|blogAPI.getBlogData
18:36:42.0 (2370093)|HEAP_ALLOCATE|[EXTERNAL]|Bytes:1
18:36:42.0 (2386201)|METHOD_ENTRY|[1]|01p4100000GpZyG|blogAPI.blogAPI()
18:36:42.0 (2391093)|STATEMENT_EXECUTE|[1]
18:36:42.0 (2398808)|STATEMENT_EXECUTE|[1]
18:36:42.0 (2438175)|HEAP_ALLOCATE|[50]|Bytes:5
18:36:42.0 (2468175)|HEAP_ALLOCATE|[56]|Bytes:5
18:36:42.0 (2477996)|HEAP_ALLOCATE|[64]|Bytes:7
18:36:42.0 (2498223)|SYSTEM_MODE_ENTER|false
18:36:42.0 (2515808)|HEAP_ALLOCATE|[EXTERNAL]|Bytes:5
18:36:42.0 (2524575)|SYSTEM_MODE_EXIT|false
18:36:42.0 (2532846)|METHOD_EXIT|[1]|blogAPI
18:36:42.0 (2537052)|HEAP_ALLOCATE|[EXTERNAL]|Bytes:36
18:36:42.0 (2541904)|SYSTEM_MODE_ENTER|false
18:36:42.0 (2551803)|VARIABLE_SCOPE_BEGIN|[4]|uuid|String|false|false
18:36:42.0 (2576214)|VARIABLE_ASSIGNMENT|[4]|uuid|"98454fa8-3738-4e2f-8 (16 more) ..."
18:36:42.0 (2589524)|HEAP_ALLOCATE|[5]|Bytes:5
18:36:42.0 (2593328)|STATEMENT_EXECUTE|[4]
18:36:42.0 (2594859)|STATEMENT_EXECUTE|[5]
18:36:42.0 (2627736)|VARIABLE_SCOPE_BEGIN|[5]|req|System.HttpRequest|true|false
18:36:42.0 (2759750)|VARIABLE_ASSIGNMENT|[5]|req|"System.HttpRequest[Endpoint=null, Method=null]"|0x6f9e03b5
18:36:42.0 (2765944)|STATEMENT_EXECUTE|[6]
18:36:42.0 (2770693)|HEAP_ALLOCATE|[6]|Bytes:44
18:36:42.0 (2787036)|HEAP_ALLOCATE|[6]|Bytes:80
18:36:42.0 (2865836)|STATEMENT_EXECUTE|[7]
18:36:42.0 (2870596)|HEAP_ALLOCATE|[7]|Bytes:3
18:36:42.0 (2896201)|STATEMENT_EXECUTE|[8]
18:36:42.0 (2914984)|VARIABLE_SCOPE_BEGIN|[8]|http|System.Http|true|false
18:36:42.0 (2984379)|VARIABLE_ASSIGNMENT|[8]|http|"System.Http[]"|0x41063395
18:36:42.0 (2989233)|STATEMENT_EXECUTE|[9]
18:36:42.0 (3059309)|CALLOUT_REQUEST|[9]|System.HttpRequest[Endpoint=http://ui-blog.herokuapp.com/Blog/api/?uuid=98454fa8-3738-4e2f-8752-c50a23e79d1a, Method=GET]
18:36:42.0 (112129912)|HEAP_ALLOCATE|[EXTERNAL]|Bytes:1208
18:36:42.0 (112259771)|CALLOUT_RESPONSE|[9]|System.HttpResponse[Status=OK, StatusCode=200]
18:36:42.0 (112279635)|HEAP_ALLOCATE|[9]|Bytes:975
18:36:42.0 (112316188)|VARIABLE_SCOPE_BEGIN|[9]|res|System.HttpResponse|true|false
18:36:42.0 (112444618)|VARIABLE_ASSIGNMENT|[9]|res|"System.HttpResponse[Status=OK, StatusCode=200]"|0x7255bd5a
18:36:42.0 (112454213)|STATEMENT_EXECUTE|[10]
18:36:42.0 (112581158)|HEAP_ALLOCATE|[10]|Bytes:969
18:36:42.0 (112606981)|SYSTEM_MODE_EXIT|false
18:36:42.114 (114349029)|CUMULATIVE_LIMIT_USAGE
18:36:42.114 (114349029)|LIMIT_USAGE_FOR_NS|(default)|
  Number of SOQL queries: 0 out of 100
  Number of query rows: 0 out of 50000
  Number of SOSL queries: 0 out of 20
  Number of DML statements: 0 out of 150
  Number of DML rows: 0 out of 10000
  Maximum CPU time: 0 out of 10000
  Maximum heap size: 0 out of 6000000
  Number of callouts: 1 out of 100
  Number of Email Invocations: 0 out of 10
  Number of future calls: 0 out of 50
  Number of queueable jobs added to the queue: 0 out of 50
  Number of Mobile Apex push calls: 0 out of 10

18:36:42.114 (114349029)|CUMULATIVE_LIMIT_USAGE_END

18:36:42.0 (114418353)|CODE_UNIT_FINISHED|blogAPI.getBlogData
