38.0 APEX_CODE,FINEST;APEX_PROFILING,INFO;CALLOUT,INFO;DB,INFO;SYSTEM,DEBUG;VALIDATION,INFO;VISUALFORCE,INFO;WORKFLOW,INFO
18:03:45.0 (393154)|USER_INFO|[EXTERNAL]|00541000000QZaN|jefflombardjr@gmail.com|Pacific Standard Time|GMT-08:00
18:03:45.0 (429490)|EXECUTION_STARTED
18:03:45.0 (433782)|CODE_UNIT_STARTED|[EXTERNAL]|aura
18:03:45.0 (751377)|HEAP_ALLOCATE|[72]|Bytes:3
18:03:45.0 (793931)|HEAP_ALLOCATE|[77]|Bytes:152
18:03:45.0 (809589)|HEAP_ALLOCATE|[342]|Bytes:408
18:03:45.0 (827435)|HEAP_ALLOCATE|[355]|Bytes:408
18:03:45.0 (844921)|HEAP_ALLOCATE|[467]|Bytes:48
18:03:45.0 (871126)|HEAP_ALLOCATE|[139]|Bytes:6
18:03:45.0 (893862)|HEAP_ALLOCATE|[EXTERNAL]|Bytes:36
18:03:45.0 (911452)|HEAP_ALLOCATE|[EXTERNAL]|Bytes:36
18:03:45.0 (2334454)|CODE_UNIT_STARTED|[EXTERNAL]|01p4100000GpZyG|blogAPI.getBlogData
18:03:45.0 (2423347)|HEAP_ALLOCATE|[EXTERNAL]|Bytes:1
18:03:45.0 (2436622)|METHOD_ENTRY|[1]|01p4100000GpZyG|blogAPI.blogAPI()
18:03:45.0 (2440992)|STATEMENT_EXECUTE|[1]
18:03:45.0 (2446676)|STATEMENT_EXECUTE|[1]
18:03:45.0 (2480967)|HEAP_ALLOCATE|[50]|Bytes:5
18:03:45.0 (2509518)|HEAP_ALLOCATE|[56]|Bytes:5
18:03:45.0 (2517916)|HEAP_ALLOCATE|[64]|Bytes:7
18:03:45.0 (2536097)|SYSTEM_MODE_ENTER|false
18:03:45.0 (2552855)|HEAP_ALLOCATE|[EXTERNAL]|Bytes:5
18:03:45.0 (2559366)|SYSTEM_MODE_EXIT|false
18:03:45.0 (2567413)|METHOD_EXIT|[1]|blogAPI
18:03:45.0 (2571339)|HEAP_ALLOCATE|[EXTERNAL]|Bytes:36
18:03:45.0 (2576094)|SYSTEM_MODE_ENTER|false
18:03:45.0 (2585532)|VARIABLE_SCOPE_BEGIN|[4]|uuid|String|false|false
18:03:45.0 (2617497)|VARIABLE_ASSIGNMENT|[4]|uuid|"98454fa8-3738-4e2f-8 (16 more) ..."
18:03:45.0 (2628192)|HEAP_ALLOCATE|[5]|Bytes:5
18:03:45.0 (2632086)|STATEMENT_EXECUTE|[4]
18:03:45.0 (2633505)|STATEMENT_EXECUTE|[5]
18:03:45.0 (2667763)|VARIABLE_SCOPE_BEGIN|[5]|req|System.HttpRequest|true|false
18:03:45.0 (2814045)|VARIABLE_ASSIGNMENT|[5]|req|"System.HttpRequest[Endpoint=null, Method=null]"|0x2ee9d9d7
18:03:45.0 (2820668)|STATEMENT_EXECUTE|[6]
18:03:45.0 (2826849)|HEAP_ALLOCATE|[6]|Bytes:39
18:03:45.0 (2850860)|HEAP_ALLOCATE|[6]|Bytes:75
18:03:45.0 (2919330)|STATEMENT_EXECUTE|[7]
18:03:45.0 (2923421)|HEAP_ALLOCATE|[7]|Bytes:3
18:03:45.0 (2946165)|STATEMENT_EXECUTE|[8]
18:03:45.0 (2960979)|VARIABLE_SCOPE_BEGIN|[8]|http|System.Http|true|false
18:03:45.0 (3028605)|VARIABLE_ASSIGNMENT|[8]|http|"System.Http[]"|0x19a13dfd
18:03:45.0 (3033802)|STATEMENT_EXECUTE|[9]
18:03:45.0 (3090791)|CALLOUT_REQUEST|[9]|System.HttpRequest[Endpoint=http://ui-blog.herokuapp.com/Blog/api/?98454fa8-3738-4e2f-8752-c50a23e79d1a, Method=GET]
18:03:45.0 (4457013)|EXCEPTION_THROWN|[9]|System.CalloutException: Unauthorized endpoint, please check Setup->Security->Remote site settings. endpoint = http://ui-blog.herokuapp.com/Blog/api/?98454fa8-3738-4e2f-8752-c50a23e79d1a
18:03:45.0 (4559531)|HEAP_ALLOCATE|[9]|Bytes:165
18:03:45.0 (4645803)|FATAL_ERROR|System.CalloutException: Unauthorized endpoint, please check Setup->Security->Remote site settings. endpoint = http://ui-blog.herokuapp.com/Blog/api/?98454fa8-3738-4e2f-8752-c50a23e79d1a

Class.blogAPI.getBlogData: line 9, column 1
18:03:45.0 (4658412)|FATAL_ERROR|System.CalloutException: Unauthorized endpoint, please check Setup->Security->Remote site settings. endpoint = http://ui-blog.herokuapp.com/Blog/api/?98454fa8-3738-4e2f-8752-c50a23e79d1a

Class.blogAPI.getBlogData: line 9, column 1
18:03:45.4 (4670573)|CUMULATIVE_LIMIT_USAGE
18:03:45.4 (4670573)|LIMIT_USAGE_FOR_NS|(default)|
  Number of SOQL queries: 0 out of 100
  Number of query rows: 0 out of 50000
  Number of SOSL queries: 0 out of 20
  Number of DML statements: 0 out of 150
  Number of DML rows: 0 out of 10000
  Maximum CPU time: 0 out of 10000
  Maximum heap size: 0 out of 6000000
  Number of callouts: 1 out of 100
  Number of Email Invocations: 0 out of 10
  Number of future calls: 0 out of 50
  Number of queueable jobs added to the queue: 0 out of 50
  Number of Mobile Apex push calls: 0 out of 10

18:03:45.4 (4670573)|CUMULATIVE_LIMIT_USAGE_END

18:03:45.0 (4713357)|CODE_UNIT_FINISHED|blogAPI.getBlogData
