38.0 APEX_CODE,FINEST;APEX_PROFILING,INFO;CALLOUT,INFO;DB,INFO;SYSTEM,DEBUG;VALIDATION,INFO;VISUALFORCE,INFO;WORKFLOW,INFO
18:08:19.0 (392422)|USER_INFO|[EXTERNAL]|00541000000QZaN|jefflombardjr@gmail.com|Pacific Standard Time|GMT-08:00
18:08:19.0 (430254)|EXECUTION_STARTED
18:08:19.0 (435565)|CODE_UNIT_STARTED|[EXTERNAL]|aura
18:08:19.0 (753379)|HEAP_ALLOCATE|[72]|Bytes:3
18:08:19.0 (804690)|HEAP_ALLOCATE|[77]|Bytes:152
18:08:19.0 (823275)|HEAP_ALLOCATE|[342]|Bytes:408
18:08:19.0 (842252)|HEAP_ALLOCATE|[355]|Bytes:408
18:08:19.0 (860121)|HEAP_ALLOCATE|[467]|Bytes:48
18:08:19.0 (888813)|HEAP_ALLOCATE|[139]|Bytes:6
18:08:19.0 (910112)|HEAP_ALLOCATE|[EXTERNAL]|Bytes:36
18:08:19.0 (926874)|HEAP_ALLOCATE|[EXTERNAL]|Bytes:36
18:08:19.0 (1948159)|CODE_UNIT_STARTED|[EXTERNAL]|01p4100000GpZyG|blogAPI.getBlogData
18:08:19.0 (2044220)|HEAP_ALLOCATE|[EXTERNAL]|Bytes:1
18:08:19.0 (2058607)|METHOD_ENTRY|[1]|01p4100000GpZyG|blogAPI.blogAPI()
18:08:19.0 (2063130)|STATEMENT_EXECUTE|[1]
18:08:19.0 (2069761)|STATEMENT_EXECUTE|[1]
18:08:19.0 (2104422)|HEAP_ALLOCATE|[50]|Bytes:5
18:08:19.0 (2145117)|HEAP_ALLOCATE|[56]|Bytes:5
18:08:19.0 (2155621)|HEAP_ALLOCATE|[64]|Bytes:7
18:08:19.0 (2177354)|SYSTEM_MODE_ENTER|false
18:08:19.0 (2191474)|HEAP_ALLOCATE|[EXTERNAL]|Bytes:5
18:08:19.0 (2200440)|SYSTEM_MODE_EXIT|false
18:08:19.0 (2209351)|METHOD_EXIT|[1]|blogAPI
18:08:19.0 (2213164)|HEAP_ALLOCATE|[EXTERNAL]|Bytes:36
18:08:19.0 (2218143)|SYSTEM_MODE_ENTER|false
18:08:19.0 (2227425)|VARIABLE_SCOPE_BEGIN|[4]|uuid|String|false|false
18:08:19.0 (2255853)|VARIABLE_ASSIGNMENT|[4]|uuid|"98454fa8-3738-4e2f-8 (16 more) ..."
18:08:19.0 (2269088)|HEAP_ALLOCATE|[5]|Bytes:5
18:08:19.0 (2272948)|STATEMENT_EXECUTE|[4]
18:08:19.0 (2274375)|STATEMENT_EXECUTE|[5]
18:08:19.0 (2306702)|VARIABLE_SCOPE_BEGIN|[5]|req|System.HttpRequest|true|false
18:08:19.0 (2447117)|VARIABLE_ASSIGNMENT|[5]|req|"System.HttpRequest[Endpoint=null, Method=null]"|0x157b244b
18:08:19.0 (2451940)|STATEMENT_EXECUTE|[6]
18:08:19.0 (2456825)|HEAP_ALLOCATE|[6]|Bytes:44
18:08:19.0 (2472054)|HEAP_ALLOCATE|[6]|Bytes:80
18:08:19.0 (2538257)|STATEMENT_EXECUTE|[7]
18:08:19.0 (2542179)|HEAP_ALLOCATE|[7]|Bytes:3
18:08:19.0 (2564360)|STATEMENT_EXECUTE|[8]
18:08:19.0 (2579669)|VARIABLE_SCOPE_BEGIN|[8]|http|System.Http|true|false
18:08:19.0 (2644266)|VARIABLE_ASSIGNMENT|[8]|http|"System.Http[]"|0x5471a4b
18:08:19.0 (2648586)|STATEMENT_EXECUTE|[9]
18:08:19.0 (2708871)|CALLOUT_REQUEST|[9]|System.HttpRequest[Endpoint=http://ui-blog.herokuapp.com/Blog/api/?uuid=98454fa8-3738-4e2f-8752-c50a23e79d1a, Method=GET]
18:08:19.0 (3757443)|EXCEPTION_THROWN|[9]|System.CalloutException: Unauthorized endpoint, please check Setup->Security->Remote site settings. endpoint = http://ui-blog.herokuapp.com/Blog/api/?uuid=98454fa8-3738-4e2f-8752-c50a23e79d1a
18:08:19.0 (3841301)|HEAP_ALLOCATE|[9]|Bytes:170
18:08:19.0 (3926358)|FATAL_ERROR|System.CalloutException: Unauthorized endpoint, please check Setup->Security->Remote site settings. endpoint = http://ui-blog.herokuapp.com/Blog/api/?uuid=98454fa8-3738-4e2f-8752-c50a23e79d1a

Class.blogAPI.getBlogData: line 9, column 1
18:08:19.0 (3938258)|FATAL_ERROR|System.CalloutException: Unauthorized endpoint, please check Setup->Security->Remote site settings. endpoint = http://ui-blog.herokuapp.com/Blog/api/?uuid=98454fa8-3738-4e2f-8752-c50a23e79d1a

Class.blogAPI.getBlogData: line 9, column 1
18:08:19.3 (3947058)|CUMULATIVE_LIMIT_USAGE
18:08:19.3 (3947058)|LIMIT_USAGE_FOR_NS|(default)|
  Number of SOQL queries: 0 out of 100
  Number of query rows: 0 out of 50000
  Number of SOSL queries: 0 out of 20
  Number of DML statements: 0 out of 150
  Number of DML rows: 0 out of 10000
  Maximum CPU time: 0 out of 10000
  Maximum heap size: 0 out of 6000000
  Number of callouts: 1 out of 100
  Number of Email Invocations: 0 out of 10
  Number of future calls: 0 out of 50
  Number of queueable jobs added to the queue: 0 out of 50
  Number of Mobile Apex push calls: 0 out of 10

18:08:19.3 (3947058)|CUMULATIVE_LIMIT_USAGE_END

18:08:19.0 (3993027)|CODE_UNIT_FINISHED|blogAPI.getBlogData
