38.0 APEX_CODE,FINEST;APEX_PROFILING,INFO;CALLOUT,INFO;DB,INFO;SYSTEM,DEBUG;VALIDATION,INFO;VISUALFORCE,INFO;WORKFLOW,INFO
18:31:52.0 (333790)|USER_INFO|[EXTERNAL]|00541000000QZaN|jefflombardjr@gmail.com|Pacific Standard Time|GMT-08:00
18:31:52.0 (366594)|EXECUTION_STARTED
18:31:52.0 (371654)|CODE_UNIT_STARTED|[EXTERNAL]|aura
18:31:52.0 (659170)|HEAP_ALLOCATE|[72]|Bytes:3
18:31:52.0 (725054)|HEAP_ALLOCATE|[77]|Bytes:152
18:31:52.0 (742636)|HEAP_ALLOCATE|[342]|Bytes:408
18:31:52.0 (761576)|HEAP_ALLOCATE|[355]|Bytes:408
18:31:52.0 (780606)|HEAP_ALLOCATE|[467]|Bytes:48
18:31:52.0 (808959)|HEAP_ALLOCATE|[139]|Bytes:6
18:31:52.0 (829313)|HEAP_ALLOCATE|[EXTERNAL]|Bytes:36
18:31:52.0 (867486)|HEAP_ALLOCATE|[EXTERNAL]|Bytes:36
18:31:52.0 (1939482)|CODE_UNIT_STARTED|[EXTERNAL]|01p4100000GpZyG|blogAPI.getBlogData
18:31:52.0 (2020092)|HEAP_ALLOCATE|[EXTERNAL]|Bytes:1
18:31:52.0 (2033483)|METHOD_ENTRY|[1]|01p4100000GpZyG|blogAPI.blogAPI()
18:31:52.0 (2037119)|STATEMENT_EXECUTE|[1]
18:31:52.0 (2062005)|STATEMENT_EXECUTE|[1]
18:31:52.0 (2099103)|HEAP_ALLOCATE|[50]|Bytes:5
18:31:52.0 (2124683)|HEAP_ALLOCATE|[56]|Bytes:5
18:31:52.0 (2133936)|HEAP_ALLOCATE|[64]|Bytes:7
18:31:52.0 (2154472)|SYSTEM_MODE_ENTER|false
18:31:52.0 (2167879)|HEAP_ALLOCATE|[EXTERNAL]|Bytes:5
18:31:52.0 (2175824)|SYSTEM_MODE_EXIT|false
18:31:52.0 (2183847)|METHOD_EXIT|[1]|blogAPI
18:31:52.0 (2187566)|HEAP_ALLOCATE|[EXTERNAL]|Bytes:36
18:31:52.0 (2193277)|SYSTEM_MODE_ENTER|false
18:31:52.0 (2199412)|VARIABLE_SCOPE_BEGIN|[4]|uuid|String|false|false
18:31:52.0 (2225354)|VARIABLE_ASSIGNMENT|[4]|uuid|"98454fa8-3738-4e2f-8 (16 more) ..."
18:31:52.0 (2236982)|HEAP_ALLOCATE|[5]|Bytes:5
18:31:52.0 (2240971)|STATEMENT_EXECUTE|[4]
18:31:52.0 (2242419)|STATEMENT_EXECUTE|[5]
18:31:52.0 (2268465)|VARIABLE_SCOPE_BEGIN|[5]|req|System.HttpRequest|true|false
18:31:52.0 (2386543)|VARIABLE_ASSIGNMENT|[5]|req|"System.HttpRequest[Endpoint=null, Method=null]"|0x1d8faa04
18:31:52.0 (2391878)|STATEMENT_EXECUTE|[6]
18:31:52.0 (2396276)|HEAP_ALLOCATE|[6]|Bytes:44
18:31:52.0 (2410130)|HEAP_ALLOCATE|[6]|Bytes:80
18:31:52.0 (2482764)|STATEMENT_EXECUTE|[7]
18:31:52.0 (2487679)|HEAP_ALLOCATE|[7]|Bytes:3
18:31:52.0 (2512366)|STATEMENT_EXECUTE|[8]
18:31:52.0 (2526290)|VARIABLE_SCOPE_BEGIN|[8]|http|System.Http|true|false
18:31:52.0 (2592637)|VARIABLE_ASSIGNMENT|[8]|http|"System.Http[]"|0x45085984
18:31:52.0 (2597417)|STATEMENT_EXECUTE|[9]
18:31:52.0 (2658075)|CALLOUT_REQUEST|[9]|System.HttpRequest[Endpoint=http://ui-blog.herokuapp.com/Blog/api/?uuid=98454fa8-3738-4e2f-8752-c50a23e79d1a, Method=GET]
18:31:52.0 (151337660)|HEAP_ALLOCATE|[EXTERNAL]|Bytes:1208
18:31:52.0 (151486822)|CALLOUT_RESPONSE|[9]|System.HttpResponse[Status=OK, StatusCode=200]
18:31:52.0 (151510755)|HEAP_ALLOCATE|[9]|Bytes:975
18:31:52.0 (151545437)|VARIABLE_SCOPE_BEGIN|[9]|res|System.HttpResponse|true|false
18:31:52.0 (151650459)|VARIABLE_ASSIGNMENT|[9]|res|"System.HttpResponse[Status=OK, StatusCode=200]"|0x9f9d823
18:31:52.0 (151659567)|STATEMENT_EXECUTE|[10]
18:31:52.0 (151774677)|HEAP_ALLOCATE|[10]|Bytes:969
18:31:52.0 (151801294)|SYSTEM_MODE_EXIT|false
18:31:52.153 (153669496)|CUMULATIVE_LIMIT_USAGE
18:31:52.153 (153669496)|LIMIT_USAGE_FOR_NS|(default)|
  Number of SOQL queries: 0 out of 100
  Number of query rows: 0 out of 50000
  Number of SOSL queries: 0 out of 20
  Number of DML statements: 0 out of 150
  Number of DML rows: 0 out of 10000
  Maximum CPU time: 0 out of 10000
  Maximum heap size: 0 out of 6000000
  Number of callouts: 1 out of 100
  Number of Email Invocations: 0 out of 10
  Number of future calls: 0 out of 50
  Number of queueable jobs added to the queue: 0 out of 50
  Number of Mobile Apex push calls: 0 out of 10

18:31:52.153 (153669496)|CUMULATIVE_LIMIT_USAGE_END

18:31:52.0 (153727948)|CODE_UNIT_FINISHED|blogAPI.getBlogData
