38.0 APEX_CODE,FINEST;APEX_PROFILING,INFO;CALLOUT,INFO;DB,INFO;SYSTEM,DEBUG;VALIDATION,INFO;VISUALFORCE,INFO;WORKFLOW,INFO
18:24:22.0 (358114)|USER_INFO|[EXTERNAL]|00541000000QZaN|jefflombardjr@gmail.com|Pacific Standard Time|GMT-08:00
18:24:22.0 (391982)|EXECUTION_STARTED
18:24:22.0 (397390)|CODE_UNIT_STARTED|[EXTERNAL]|aura
18:24:22.0 (707920)|HEAP_ALLOCATE|[72]|Bytes:3
18:24:22.0 (764733)|HEAP_ALLOCATE|[77]|Bytes:152
18:24:22.0 (784850)|HEAP_ALLOCATE|[342]|Bytes:408
18:24:22.0 (803862)|HEAP_ALLOCATE|[355]|Bytes:408
18:24:22.0 (827945)|HEAP_ALLOCATE|[467]|Bytes:48
18:24:22.0 (861462)|HEAP_ALLOCATE|[139]|Bytes:6
18:24:22.0 (885619)|HEAP_ALLOCATE|[EXTERNAL]|Bytes:36
18:24:22.0 (904386)|HEAP_ALLOCATE|[EXTERNAL]|Bytes:36
18:24:22.0 (2026386)|CODE_UNIT_STARTED|[EXTERNAL]|01p4100000GpZyG|blogAPI.getBlogData
18:24:22.0 (2127748)|HEAP_ALLOCATE|[EXTERNAL]|Bytes:1
18:24:22.0 (2142659)|METHOD_ENTRY|[1]|01p4100000GpZyG|blogAPI.blogAPI()
18:24:22.0 (2146750)|STATEMENT_EXECUTE|[1]
18:24:22.0 (2153236)|STATEMENT_EXECUTE|[1]
18:24:22.0 (2190505)|HEAP_ALLOCATE|[50]|Bytes:5
18:24:22.0 (2217760)|HEAP_ALLOCATE|[56]|Bytes:5
18:24:22.0 (2226944)|HEAP_ALLOCATE|[64]|Bytes:7
18:24:22.0 (2248975)|SYSTEM_MODE_ENTER|false
18:24:22.0 (2272142)|HEAP_ALLOCATE|[EXTERNAL]|Bytes:5
18:24:22.0 (2280778)|SYSTEM_MODE_EXIT|false
18:24:22.0 (2289182)|METHOD_EXIT|[1]|blogAPI
18:24:22.0 (2293048)|HEAP_ALLOCATE|[EXTERNAL]|Bytes:36
18:24:22.0 (2298455)|SYSTEM_MODE_ENTER|false
18:24:22.0 (2308673)|VARIABLE_SCOPE_BEGIN|[4]|uuid|String|false|false
18:24:22.0 (2336946)|VARIABLE_ASSIGNMENT|[4]|uuid|"98454fa8-3738-4e2f-8 (16 more) ..."
18:24:22.0 (2350870)|HEAP_ALLOCATE|[5]|Bytes:5
18:24:22.0 (2354672)|STATEMENT_EXECUTE|[4]
18:24:22.0 (2356123)|STATEMENT_EXECUTE|[5]
18:24:22.0 (2385245)|VARIABLE_SCOPE_BEGIN|[5]|req|System.HttpRequest|true|false
18:24:22.0 (2502053)|VARIABLE_ASSIGNMENT|[5]|req|"System.HttpRequest[Endpoint=null, Method=null]"|0x3779ac21
18:24:22.0 (2507728)|STATEMENT_EXECUTE|[6]
18:24:22.0 (2512245)|HEAP_ALLOCATE|[6]|Bytes:44
18:24:22.0 (2529213)|HEAP_ALLOCATE|[6]|Bytes:80
18:24:22.0 (2602357)|STATEMENT_EXECUTE|[7]
18:24:22.0 (2606989)|HEAP_ALLOCATE|[7]|Bytes:3
18:24:22.0 (2631219)|STATEMENT_EXECUTE|[8]
18:24:22.0 (2644929)|VARIABLE_SCOPE_BEGIN|[8]|http|System.Http|true|false
18:24:22.0 (2712203)|VARIABLE_ASSIGNMENT|[8]|http|"System.Http[]"|0x6e8719ee
18:24:22.0 (2716970)|STATEMENT_EXECUTE|[9]
18:24:22.0 (2780539)|CALLOUT_REQUEST|[9]|System.HttpRequest[Endpoint=http://ui-blog.herokuapp.com/Blog/api/?uuid=98454fa8-3738-4e2f-8752-c50a23e79d1a, Method=GET]
18:24:22.0 (105230621)|HEAP_ALLOCATE|[EXTERNAL]|Bytes:1208
18:24:22.0 (105345425)|CALLOUT_RESPONSE|[9]|System.HttpResponse[Status=OK, StatusCode=200]
18:24:22.0 (105363633)|HEAP_ALLOCATE|[9]|Bytes:975
18:24:22.0 (105391242)|VARIABLE_SCOPE_BEGIN|[9]|res|System.HttpResponse|true|false
18:24:22.0 (105486636)|VARIABLE_ASSIGNMENT|[9]|res|"System.HttpResponse[Status=OK, StatusCode=200]"|0x107805a7
18:24:22.0 (105495092)|STATEMENT_EXECUTE|[10]
18:24:22.0 (105604194)|HEAP_ALLOCATE|[10]|Bytes:969
18:24:22.0 (105625353)|SYSTEM_MODE_EXIT|false
18:24:22.107 (107139587)|CUMULATIVE_LIMIT_USAGE
18:24:22.107 (107139587)|LIMIT_USAGE_FOR_NS|(default)|
  Number of SOQL queries: 0 out of 100
  Number of query rows: 0 out of 50000
  Number of SOSL queries: 0 out of 20
  Number of DML statements: 0 out of 150
  Number of DML rows: 0 out of 10000
  Maximum CPU time: 0 out of 10000
  Maximum heap size: 0 out of 6000000
  Number of callouts: 1 out of 100
  Number of Email Invocations: 0 out of 10
  Number of future calls: 0 out of 50
  Number of queueable jobs added to the queue: 0 out of 50
  Number of Mobile Apex push calls: 0 out of 10

18:24:22.107 (107139587)|CUMULATIVE_LIMIT_USAGE_END

18:24:22.0 (107198858)|CODE_UNIT_FINISHED|blogAPI.getBlogData
