38.0 APEX_CODE,FINEST;APEX_PROFILING,INFO;CALLOUT,INFO;DB,INFO;SYSTEM,DEBUG;VALIDATION,INFO;VISUALFORCE,INFO;WORKFLOW,INFO
18:21:48.0 (400072)|USER_INFO|[EXTERNAL]|00541000000QZaN|jefflombardjr@gmail.com|Pacific Standard Time|GMT-08:00
18:21:48.0 (447970)|EXECUTION_STARTED
18:21:48.0 (453561)|CODE_UNIT_STARTED|[EXTERNAL]|aura
18:21:48.0 (828839)|HEAP_ALLOCATE|[72]|Bytes:3
18:21:48.0 (889207)|HEAP_ALLOCATE|[77]|Bytes:152
18:21:48.0 (921606)|HEAP_ALLOCATE|[342]|Bytes:408
18:21:48.0 (960002)|HEAP_ALLOCATE|[355]|Bytes:408
18:21:48.0 (996287)|HEAP_ALLOCATE|[467]|Bytes:48
18:21:48.0 (1044125)|HEAP_ALLOCATE|[139]|Bytes:6
18:21:48.0 (1086221)|HEAP_ALLOCATE|[EXTERNAL]|Bytes:36
18:21:48.0 (1140905)|HEAP_ALLOCATE|[EXTERNAL]|Bytes:36
18:21:48.0 (2585101)|CODE_UNIT_STARTED|[EXTERNAL]|01p4100000GpZyG|blogAPI.getBlogData
18:21:48.0 (2702016)|HEAP_ALLOCATE|[EXTERNAL]|Bytes:1
18:21:48.0 (2723847)|METHOD_ENTRY|[1]|01p4100000GpZyG|blogAPI.blogAPI()
18:21:48.0 (2729821)|STATEMENT_EXECUTE|[1]
18:21:48.0 (2738122)|STATEMENT_EXECUTE|[1]
18:21:48.0 (2784519)|HEAP_ALLOCATE|[50]|Bytes:5
18:21:48.0 (2821903)|HEAP_ALLOCATE|[56]|Bytes:5
18:21:48.0 (2841693)|HEAP_ALLOCATE|[64]|Bytes:7
18:21:48.0 (2872605)|SYSTEM_MODE_ENTER|false
18:21:48.0 (2890336)|HEAP_ALLOCATE|[EXTERNAL]|Bytes:5
18:21:48.0 (2904395)|SYSTEM_MODE_EXIT|false
18:21:48.0 (2918151)|METHOD_EXIT|[1]|blogAPI
18:21:48.0 (2925678)|HEAP_ALLOCATE|[EXTERNAL]|Bytes:36
18:21:48.0 (2935663)|SYSTEM_MODE_ENTER|false
18:21:48.0 (2948572)|VARIABLE_SCOPE_BEGIN|[4]|uuid|String|false|false
18:21:48.0 (2984431)|VARIABLE_ASSIGNMENT|[4]|uuid|"98454fa8-3738-4e2f-8 (16 more) ..."
18:21:48.0 (3002550)|HEAP_ALLOCATE|[5]|Bytes:5
18:21:48.0 (3011021)|STATEMENT_EXECUTE|[4]
18:21:48.0 (3013259)|STATEMENT_EXECUTE|[5]
18:21:48.0 (3048091)|VARIABLE_SCOPE_BEGIN|[5]|req|System.HttpRequest|true|false
18:21:48.0 (3228387)|VARIABLE_ASSIGNMENT|[5]|req|"System.HttpRequest[Endpoint=null, Method=null]"|0x2c9c1919
18:21:48.0 (3235379)|STATEMENT_EXECUTE|[6]
18:21:48.0 (3241343)|HEAP_ALLOCATE|[6]|Bytes:44
18:21:48.0 (3262675)|HEAP_ALLOCATE|[6]|Bytes:80
18:21:48.0 (3357752)|STATEMENT_EXECUTE|[7]
18:21:48.0 (3364184)|HEAP_ALLOCATE|[7]|Bytes:3
18:21:48.0 (3409118)|STATEMENT_EXECUTE|[8]
18:21:48.0 (3430751)|VARIABLE_SCOPE_BEGIN|[8]|http|System.Http|true|false
18:21:48.0 (3522884)|VARIABLE_ASSIGNMENT|[8]|http|"System.Http[]"|0x786328f
18:21:48.0 (3529105)|STATEMENT_EXECUTE|[9]
18:21:48.0 (3608056)|CALLOUT_REQUEST|[9]|System.HttpRequest[Endpoint=http://ui-blog.herokuapp.com/Blog/api/?uuid=98454fa8-3738-4e2f-8752-c50a23e79d1a, Method=GET]
18:21:48.0 (108231487)|HEAP_ALLOCATE|[EXTERNAL]|Bytes:1208
18:21:48.0 (108359439)|CALLOUT_RESPONSE|[9]|System.HttpResponse[Status=OK, StatusCode=200]
18:21:48.0 (108379538)|HEAP_ALLOCATE|[9]|Bytes:975
18:21:48.0 (108414131)|VARIABLE_SCOPE_BEGIN|[9]|res|System.HttpResponse|true|false
18:21:48.0 (108522394)|VARIABLE_ASSIGNMENT|[9]|res|"System.HttpResponse[Status=OK, StatusCode=200]"|0x44beb62f
18:21:48.0 (108531812)|STATEMENT_EXECUTE|[10]
18:21:48.0 (108648327)|HEAP_ALLOCATE|[10]|Bytes:969
18:21:48.0 (108673612)|SYSTEM_MODE_EXIT|false
18:21:48.110 (110682605)|CUMULATIVE_LIMIT_USAGE
18:21:48.110 (110682605)|LIMIT_USAGE_FOR_NS|(default)|
  Number of SOQL queries: 0 out of 100
  Number of query rows: 0 out of 50000
  Number of SOSL queries: 0 out of 20
  Number of DML statements: 0 out of 150
  Number of DML rows: 0 out of 10000
  Maximum CPU time: 0 out of 10000
  Maximum heap size: 0 out of 6000000
  Number of callouts: 1 out of 100
  Number of Email Invocations: 0 out of 10
  Number of future calls: 0 out of 50
  Number of queueable jobs added to the queue: 0 out of 50
  Number of Mobile Apex push calls: 0 out of 10

18:21:48.110 (110682605)|CUMULATIVE_LIMIT_USAGE_END

18:21:48.0 (110741589)|CODE_UNIT_FINISHED|blogAPI.getBlogData
