38.0 APEX_CODE,FINEST;APEX_PROFILING,INFO;CALLOUT,INFO;DB,INFO;SYSTEM,DEBUG;VALIDATION,INFO;VISUALFORCE,INFO;WORKFLOW,INFO
18:23:01.0 (366014)|USER_INFO|[EXTERNAL]|00541000000QZaN|jefflombardjr@gmail.com|Pacific Standard Time|GMT-08:00
18:23:01.0 (414435)|EXECUTION_STARTED
18:23:01.0 (421579)|CODE_UNIT_STARTED|[EXTERNAL]|aura
18:23:01.0 (789353)|HEAP_ALLOCATE|[72]|Bytes:3
18:23:01.0 (872038)|HEAP_ALLOCATE|[77]|Bytes:152
18:23:01.0 (897244)|HEAP_ALLOCATE|[342]|Bytes:408
18:23:01.0 (930046)|HEAP_ALLOCATE|[355]|Bytes:408
18:23:01.0 (962971)|HEAP_ALLOCATE|[467]|Bytes:48
18:23:01.0 (1001531)|HEAP_ALLOCATE|[139]|Bytes:6
18:23:01.0 (1038665)|HEAP_ALLOCATE|[EXTERNAL]|Bytes:36
18:23:01.0 (1086167)|HEAP_ALLOCATE|[EXTERNAL]|Bytes:36
18:23:01.0 (4303972)|CODE_UNIT_STARTED|[EXTERNAL]|01p4100000GpZyG|blogAPI.getBlogData
18:23:01.0 (4395215)|HEAP_ALLOCATE|[EXTERNAL]|Bytes:1
18:23:01.0 (4443346)|METHOD_ENTRY|[1]|01p4100000GpZyG|blogAPI.blogAPI()
18:23:01.0 (4449574)|STATEMENT_EXECUTE|[1]
18:23:01.0 (4457751)|STATEMENT_EXECUTE|[1]
18:23:01.0 (4498760)|HEAP_ALLOCATE|[50]|Bytes:5
18:23:01.0 (4526761)|HEAP_ALLOCATE|[56]|Bytes:5
18:23:01.0 (4550325)|HEAP_ALLOCATE|[64]|Bytes:7
18:23:01.0 (4582824)|SYSTEM_MODE_ENTER|false
18:23:01.0 (4598117)|HEAP_ALLOCATE|[EXTERNAL]|Bytes:5
18:23:01.0 (4608677)|SYSTEM_MODE_EXIT|false
18:23:01.0 (4642552)|METHOD_EXIT|[1]|blogAPI
18:23:01.0 (4651101)|HEAP_ALLOCATE|[EXTERNAL]|Bytes:36
18:23:01.0 (4661599)|SYSTEM_MODE_ENTER|false
18:23:01.0 (4676280)|VARIABLE_SCOPE_BEGIN|[4]|uuid|String|false|false
18:23:01.0 (4711327)|VARIABLE_ASSIGNMENT|[4]|uuid|"98454fa8-3738-4e2f-8 (16 more) ..."
18:23:01.0 (4726985)|HEAP_ALLOCATE|[5]|Bytes:5
18:23:01.0 (4733508)|STATEMENT_EXECUTE|[4]
18:23:01.0 (4736197)|STATEMENT_EXECUTE|[5]
18:23:01.0 (4764825)|VARIABLE_SCOPE_BEGIN|[5]|req|System.HttpRequest|true|false
18:23:01.0 (4945189)|VARIABLE_ASSIGNMENT|[5]|req|"System.HttpRequest[Endpoint=null, Method=null]"|0x646db00f
18:23:01.0 (4951954)|STATEMENT_EXECUTE|[6]
18:23:01.0 (4958351)|HEAP_ALLOCATE|[6]|Bytes:44
18:23:01.0 (4974404)|HEAP_ALLOCATE|[6]|Bytes:80
18:23:01.0 (5227154)|STATEMENT_EXECUTE|[7]
18:23:01.0 (5234859)|HEAP_ALLOCATE|[7]|Bytes:3
18:23:01.0 (5275926)|STATEMENT_EXECUTE|[8]
18:23:01.0 (5297659)|VARIABLE_SCOPE_BEGIN|[8]|http|System.Http|true|false
18:23:01.0 (5388348)|VARIABLE_ASSIGNMENT|[8]|http|"System.Http[]"|0x7060a686
18:23:01.0 (5394131)|STATEMENT_EXECUTE|[9]
18:23:01.0 (5477896)|CALLOUT_REQUEST|[9]|System.HttpRequest[Endpoint=http://ui-blog.herokuapp.com/Blog/api/?uuid=98454fa8-3738-4e2f-8752-c50a23e79d1a, Method=GET]
18:23:01.0 (198357334)|HEAP_ALLOCATE|[EXTERNAL]|Bytes:1208
18:23:01.0 (198457858)|CALLOUT_RESPONSE|[9]|System.HttpResponse[Status=OK, StatusCode=200]
18:23:01.0 (198474568)|HEAP_ALLOCATE|[9]|Bytes:975
18:23:01.0 (198512806)|VARIABLE_SCOPE_BEGIN|[9]|res|System.HttpResponse|true|false
18:23:01.0 (198643707)|VARIABLE_ASSIGNMENT|[9]|res|"System.HttpResponse[Status=OK, StatusCode=200]"|0x5d3447b7
18:23:01.0 (198651299)|STATEMENT_EXECUTE|[10]
18:23:01.0 (198769768)|HEAP_ALLOCATE|[10]|Bytes:969
18:23:01.0 (198794399)|SYSTEM_MODE_EXIT|false
18:23:01.201 (201339534)|CUMULATIVE_LIMIT_USAGE
18:23:01.201 (201339534)|LIMIT_USAGE_FOR_NS|(default)|
  Number of SOQL queries: 0 out of 100
  Number of query rows: 0 out of 50000
  Number of SOSL queries: 0 out of 20
  Number of DML statements: 0 out of 150
  Number of DML rows: 0 out of 10000
  Maximum CPU time: 0 out of 10000
  Maximum heap size: 0 out of 6000000
  Number of callouts: 1 out of 100
  Number of Email Invocations: 0 out of 10
  Number of future calls: 0 out of 50
  Number of queueable jobs added to the queue: 0 out of 50
  Number of Mobile Apex push calls: 0 out of 10

18:23:01.201 (201339534)|CUMULATIVE_LIMIT_USAGE_END

18:23:01.0 (201388138)|CODE_UNIT_FINISHED|blogAPI.getBlogData
