38.0 APEX_CODE,FINEST;APEX_PROFILING,INFO;CALLOUT,INFO;DB,INFO;SYSTEM,DEBUG;VALIDATION,INFO;VISUALFORCE,INFO;WORKFLOW,INFO
18:18:14.0 (387137)|USER_INFO|[EXTERNAL]|00541000000QZaN|jefflombardjr@gmail.com|Pacific Standard Time|GMT-08:00
18:18:14.0 (431442)|EXECUTION_STARTED
18:18:14.0 (437542)|CODE_UNIT_STARTED|[EXTERNAL]|aura
18:18:14.0 (827995)|HEAP_ALLOCATE|[72]|Bytes:3
18:18:14.0 (877815)|HEAP_ALLOCATE|[77]|Bytes:152
18:18:14.0 (897468)|HEAP_ALLOCATE|[342]|Bytes:408
18:18:14.0 (916729)|HEAP_ALLOCATE|[355]|Bytes:408
18:18:14.0 (935079)|HEAP_ALLOCATE|[467]|Bytes:48
18:18:14.0 (966232)|HEAP_ALLOCATE|[139]|Bytes:6
18:18:14.0 (991345)|HEAP_ALLOCATE|[EXTERNAL]|Bytes:36
18:18:14.0 (1008505)|HEAP_ALLOCATE|[EXTERNAL]|Bytes:36
18:18:14.0 (2259505)|CODE_UNIT_STARTED|[EXTERNAL]|01p4100000GpZyG|blogAPI.getBlogData
18:18:14.0 (2375262)|HEAP_ALLOCATE|[EXTERNAL]|Bytes:1
18:18:14.0 (2389343)|METHOD_ENTRY|[1]|01p4100000GpZyG|blogAPI.blogAPI()
18:18:14.0 (2394268)|STATEMENT_EXECUTE|[1]
18:18:14.0 (2400177)|STATEMENT_EXECUTE|[1]
18:18:14.0 (2435539)|HEAP_ALLOCATE|[50]|Bytes:5
18:18:14.0 (2464374)|HEAP_ALLOCATE|[56]|Bytes:5
18:18:14.0 (2473563)|HEAP_ALLOCATE|[64]|Bytes:7
18:18:14.0 (2494160)|SYSTEM_MODE_ENTER|false
18:18:14.0 (2513599)|HEAP_ALLOCATE|[EXTERNAL]|Bytes:5
18:18:14.0 (2527169)|SYSTEM_MODE_EXIT|false
18:18:14.0 (2540353)|METHOD_EXIT|[1]|blogAPI
18:18:14.0 (2547461)|HEAP_ALLOCATE|[EXTERNAL]|Bytes:36
18:18:14.0 (2557748)|SYSTEM_MODE_ENTER|false
18:18:14.0 (2570531)|VARIABLE_SCOPE_BEGIN|[4]|uuid|String|false|false
18:18:14.0 (2615246)|VARIABLE_ASSIGNMENT|[4]|uuid|"98454fa8-3738-4e2f-8 (16 more) ..."
18:18:14.0 (2634889)|HEAP_ALLOCATE|[5]|Bytes:5
18:18:14.0 (2641041)|STATEMENT_EXECUTE|[4]
18:18:14.0 (2642711)|STATEMENT_EXECUTE|[5]
18:18:14.0 (2674432)|VARIABLE_SCOPE_BEGIN|[5]|req|System.HttpRequest|true|false
18:18:14.0 (2869007)|VARIABLE_ASSIGNMENT|[5]|req|"System.HttpRequest[Endpoint=null, Method=null]"|0x7d570e40
18:18:14.0 (2874379)|STATEMENT_EXECUTE|[6]
18:18:14.0 (2878753)|HEAP_ALLOCATE|[6]|Bytes:44
18:18:14.0 (2895611)|HEAP_ALLOCATE|[6]|Bytes:80
18:18:14.0 (2968665)|STATEMENT_EXECUTE|[7]
18:18:14.0 (2973490)|HEAP_ALLOCATE|[7]|Bytes:3
18:18:14.0 (2997650)|STATEMENT_EXECUTE|[8]
18:18:14.0 (3013386)|VARIABLE_SCOPE_BEGIN|[8]|http|System.Http|true|false
18:18:14.0 (3100024)|VARIABLE_ASSIGNMENT|[8]|http|"System.Http[]"|0x4a088991
18:18:14.0 (3106498)|STATEMENT_EXECUTE|[9]
18:18:14.0 (3186171)|CALLOUT_REQUEST|[9]|System.HttpRequest[Endpoint=http://ui-blog.herokuapp.com/Blog/api/?uuid=98454fa8-3738-4e2f-8752-c50a23e79d1a, Method=GET]
18:18:14.0 (108853805)|HEAP_ALLOCATE|[EXTERNAL]|Bytes:1208
18:18:14.0 (109025890)|CALLOUT_RESPONSE|[9]|System.HttpResponse[Status=OK, StatusCode=200]
18:18:14.0 (109048194)|HEAP_ALLOCATE|[9]|Bytes:975
18:18:14.0 (109095220)|VARIABLE_SCOPE_BEGIN|[9]|res|System.HttpResponse|true|false
18:18:14.0 (109220923)|VARIABLE_ASSIGNMENT|[9]|res|"System.HttpResponse[Status=OK, StatusCode=200]"|0x7a0d9cc3
18:18:14.0 (109230338)|STATEMENT_EXECUTE|[10]
18:18:14.0 (109357951)|HEAP_ALLOCATE|[10]|Bytes:969
18:18:14.0 (109382885)|SYSTEM_MODE_EXIT|false
18:18:14.111 (111403479)|CUMULATIVE_LIMIT_USAGE
18:18:14.111 (111403479)|LIMIT_USAGE_FOR_NS|(default)|
  Number of SOQL queries: 0 out of 100
  Number of query rows: 0 out of 50000
  Number of SOSL queries: 0 out of 20
  Number of DML statements: 0 out of 150
  Number of DML rows: 0 out of 10000
  Maximum CPU time: 0 out of 10000
  Maximum heap size: 0 out of 6000000
  Number of callouts: 1 out of 100
  Number of Email Invocations: 0 out of 10
  Number of future calls: 0 out of 50
  Number of queueable jobs added to the queue: 0 out of 50
  Number of Mobile Apex push calls: 0 out of 10

18:18:14.111 (111403479)|CUMULATIVE_LIMIT_USAGE_END

18:18:14.0 (111457352)|CODE_UNIT_FINISHED|blogAPI.getBlogData
