38.0 APEX_CODE,FINEST;APEX_PROFILING,INFO;CALLOUT,INFO;DB,INFO;SYSTEM,DEBUG;VALIDATION,INFO;VISUALFORCE,INFO;WORKFLOW,INFO
18:04:37.0 (585757)|USER_INFO|[EXTERNAL]|00541000000QZaN|jefflombardjr@gmail.com|Pacific Standard Time|GMT-08:00
18:04:37.0 (631038)|EXECUTION_STARTED
18:04:37.0 (637642)|CODE_UNIT_STARTED|[EXTERNAL]|aura
18:04:37.0 (1028354)|HEAP_ALLOCATE|[72]|Bytes:3
18:04:37.0 (1119755)|HEAP_ALLOCATE|[77]|Bytes:152
18:04:37.0 (1141028)|HEAP_ALLOCATE|[342]|Bytes:408
18:04:37.0 (1160804)|HEAP_ALLOCATE|[355]|Bytes:408
18:04:37.0 (1179431)|HEAP_ALLOCATE|[467]|Bytes:48
18:04:37.0 (1241121)|HEAP_ALLOCATE|[139]|Bytes:6
18:04:37.0 (1268783)|HEAP_ALLOCATE|[EXTERNAL]|Bytes:36
18:04:37.0 (1297515)|HEAP_ALLOCATE|[EXTERNAL]|Bytes:36
18:04:37.0 (2426450)|CODE_UNIT_STARTED|[EXTERNAL]|01p4100000GpZyG|blogAPI.getBlogDatatest
18:04:37.0 (2532013)|HEAP_ALLOCATE|[EXTERNAL]|Bytes:4
18:04:37.0 (2564071)|METHOD_ENTRY|[1]|01p4100000GpZyG|blogAPI.blogAPI()
18:04:37.0 (2568694)|STATEMENT_EXECUTE|[1]
18:04:37.0 (2576133)|STATEMENT_EXECUTE|[1]
18:04:37.0 (2619784)|HEAP_ALLOCATE|[50]|Bytes:5
18:04:37.0 (2650892)|HEAP_ALLOCATE|[56]|Bytes:5
18:04:37.0 (2660385)|HEAP_ALLOCATE|[64]|Bytes:7
18:04:37.0 (2682521)|SYSTEM_MODE_ENTER|false
18:04:37.0 (2702769)|HEAP_ALLOCATE|[EXTERNAL]|Bytes:5
18:04:37.0 (2711056)|SYSTEM_MODE_EXIT|false
18:04:37.0 (2736106)|METHOD_EXIT|[1]|blogAPI
18:04:37.0 (2741529)|HEAP_ALLOCATE|[EXTERNAL]|Bytes:36
18:04:37.0 (2748397)|SYSTEM_MODE_ENTER|false
18:04:37.0 (2760595)|VARIABLE_SCOPE_BEGIN|[14]|uuid|String|false|false
18:04:37.0 (2789342)|VARIABLE_ASSIGNMENT|[14]|uuid|"98454fa8-3738-4e2f-8 (16 more) ..."
18:04:37.0 (2803373)|HEAP_ALLOCATE|[15]|Bytes:5
18:04:37.0 (2807094)|STATEMENT_EXECUTE|[14]
18:04:37.0 (2808417)|STATEMENT_EXECUTE|[15]
18:04:37.0 (2816007)|SYSTEM_MODE_EXIT|false
18:04:37.2 (2842832)|CUMULATIVE_LIMIT_USAGE
18:04:37.2 (2842832)|LIMIT_USAGE_FOR_NS|(default)|
  Number of SOQL queries: 0 out of 100
  Number of query rows: 0 out of 50000
  Number of SOSL queries: 0 out of 20
  Number of DML statements: 0 out of 150
  Number of DML rows: 0 out of 10000
  Maximum CPU time: 0 out of 10000
  Maximum heap size: 0 out of 6000000
  Number of callouts: 0 out of 100
  Number of Email Invocations: 0 out of 10
  Number of future calls: 0 out of 50
  Number of queueable jobs added to the queue: 0 out of 50
  Number of Mobile Apex push calls: 0 out of 10

18:04:37.2 (2842832)|CUMULATIVE_LIMIT_USAGE_END

18:04:37.0 (2884746)|CODE_UNIT_FINISHED|blogAPI.getBlogDatatest
