38.0 APEX_CODE,FINEST;APEX_PROFILING,INFO;CALLOUT,INFO;DB,INFO;SYSTEM,DEBUG;VALIDATION,INFO;VISUALFORCE,INFO;WORKFLOW,INFO
18:42:08.0 (460474)|USER_INFO|[EXTERNAL]|00541000000QZaN|jefflombardjr@gmail.com|Pacific Standard Time|GMT-08:00
18:42:08.0 (512159)|EXECUTION_STARTED
18:42:08.0 (519023)|CODE_UNIT_STARTED|[EXTERNAL]|aura
18:42:08.0 (805136)|HEAP_ALLOCATE|[72]|Bytes:3
18:42:08.0 (832730)|HEAP_ALLOCATE|[77]|Bytes:152
18:42:08.0 (854546)|HEAP_ALLOCATE|[342]|Bytes:408
18:42:08.0 (888654)|HEAP_ALLOCATE|[355]|Bytes:408
18:42:08.0 (976555)|HEAP_ALLOCATE|[467]|Bytes:48
18:42:08.0 (1014272)|HEAP_ALLOCATE|[139]|Bytes:6
18:42:08.0 (1048878)|HEAP_ALLOCATE|[EXTERNAL]|Bytes:36
18:42:08.0 (1066327)|HEAP_ALLOCATE|[EXTERNAL]|Bytes:36
18:42:08.0 (2474680)|CODE_UNIT_STARTED|[EXTERNAL]|01p4100000GpZyG|blogAPI.getBlogData
18:42:08.0 (2543961)|HEAP_ALLOCATE|[EXTERNAL]|Bytes:1
18:42:08.0 (2556254)|METHOD_ENTRY|[1]|01p4100000GpZyG|blogAPI.blogAPI()
18:42:08.0 (2560901)|STATEMENT_EXECUTE|[1]
18:42:08.0 (2567358)|STATEMENT_EXECUTE|[1]
18:42:08.0 (2604297)|HEAP_ALLOCATE|[50]|Bytes:5
18:42:08.0 (2628545)|HEAP_ALLOCATE|[56]|Bytes:5
18:42:08.0 (2638131)|HEAP_ALLOCATE|[64]|Bytes:7
18:42:08.0 (2666827)|SYSTEM_MODE_ENTER|false
18:42:08.0 (2687111)|HEAP_ALLOCATE|[EXTERNAL]|Bytes:5
18:42:08.0 (2696224)|SYSTEM_MODE_EXIT|false
18:42:08.0 (2705150)|METHOD_EXIT|[1]|blogAPI
18:42:08.0 (2709637)|HEAP_ALLOCATE|[EXTERNAL]|Bytes:36
18:42:08.0 (2714374)|SYSTEM_MODE_ENTER|false
18:42:08.0 (2720276)|VARIABLE_SCOPE_BEGIN|[4]|uuid|String|false|false
18:42:08.0 (2751696)|VARIABLE_ASSIGNMENT|[4]|uuid|"98454fa8-3738-4e2f-8 (16 more) ..."
18:42:08.0 (2767671)|HEAP_ALLOCATE|[5]|Bytes:5
18:42:08.0 (2771493)|STATEMENT_EXECUTE|[4]
18:42:08.0 (2773020)|STATEMENT_EXECUTE|[5]
18:42:08.0 (2804544)|VARIABLE_SCOPE_BEGIN|[5]|req|System.HttpRequest|true|false
18:42:08.0 (2948426)|VARIABLE_ASSIGNMENT|[5]|req|"System.HttpRequest[Endpoint=null, Method=null]"|0x2ad5fbaa
18:42:08.0 (2953298)|STATEMENT_EXECUTE|[6]
18:42:08.0 (2957710)|HEAP_ALLOCATE|[6]|Bytes:44
18:42:08.0 (2977094)|HEAP_ALLOCATE|[6]|Bytes:80
18:42:08.0 (3047987)|STATEMENT_EXECUTE|[7]
18:42:08.0 (3052965)|HEAP_ALLOCATE|[7]|Bytes:3
18:42:08.0 (3076852)|STATEMENT_EXECUTE|[8]
18:42:08.0 (3091701)|VARIABLE_SCOPE_BEGIN|[8]|http|System.Http|true|false
18:42:08.0 (3159360)|VARIABLE_ASSIGNMENT|[8]|http|"System.Http[]"|0x6767119b
18:42:08.0 (3163785)|STATEMENT_EXECUTE|[9]
18:42:08.0 (3243287)|CALLOUT_REQUEST|[9]|System.HttpRequest[Endpoint=http://ui-blog.herokuapp.com/Blog/api/?uuid=98454fa8-3738-4e2f-8752-c50a23e79d1a, Method=GET]
18:42:08.0 (195336613)|HEAP_ALLOCATE|[EXTERNAL]|Bytes:1208
18:42:08.0 (195453246)|CALLOUT_RESPONSE|[9]|System.HttpResponse[Status=OK, StatusCode=200]
18:42:08.0 (195482947)|HEAP_ALLOCATE|[9]|Bytes:975
18:42:08.0 (195520278)|VARIABLE_SCOPE_BEGIN|[9]|res|System.HttpResponse|true|false
18:42:08.0 (195628418)|VARIABLE_ASSIGNMENT|[9]|res|"System.HttpResponse[Status=OK, StatusCode=200]"|0x203ef1d0
18:42:08.0 (195635354)|STATEMENT_EXECUTE|[10]
18:42:08.0 (195745700)|HEAP_ALLOCATE|[10]|Bytes:969
18:42:08.0 (195774255)|SYSTEM_MODE_EXIT|false
18:42:08.197 (197870045)|CUMULATIVE_LIMIT_USAGE
18:42:08.197 (197870045)|LIMIT_USAGE_FOR_NS|(default)|
  Number of SOQL queries: 0 out of 100
  Number of query rows: 0 out of 50000
  Number of SOSL queries: 0 out of 20
  Number of DML statements: 0 out of 150
  Number of DML rows: 0 out of 10000
  Maximum CPU time: 0 out of 10000
  Maximum heap size: 0 out of 6000000
  Number of callouts: 1 out of 100
  Number of Email Invocations: 0 out of 10
  Number of future calls: 0 out of 50
  Number of queueable jobs added to the queue: 0 out of 50
  Number of Mobile Apex push calls: 0 out of 10

18:42:08.197 (197870045)|CUMULATIVE_LIMIT_USAGE_END

18:42:08.0 (197937526)|CODE_UNIT_FINISHED|blogAPI.getBlogData
