38.0 APEX_CODE,FINEST;APEX_PROFILING,INFO;CALLOUT,INFO;DB,INFO;SYSTEM,DEBUG;VALIDATION,INFO;VISUALFORCE,INFO;WORKFLOW,INFO
18:05:21.0 (338106)|USER_INFO|[EXTERNAL]|00541000000QZaN|jefflombardjr@gmail.com|Pacific Standard Time|GMT-08:00
18:05:21.0 (379789)|EXECUTION_STARTED
18:05:21.0 (385517)|CODE_UNIT_STARTED|[EXTERNAL]|aura
18:05:21.0 (746747)|HEAP_ALLOCATE|[72]|Bytes:3
18:05:21.0 (827601)|HEAP_ALLOCATE|[77]|Bytes:152
18:05:21.0 (849657)|HEAP_ALLOCATE|[342]|Bytes:408
18:05:21.0 (869656)|HEAP_ALLOCATE|[355]|Bytes:408
18:05:21.0 (889358)|HEAP_ALLOCATE|[467]|Bytes:48
18:05:21.0 (959364)|HEAP_ALLOCATE|[139]|Bytes:6
18:05:21.0 (988640)|HEAP_ALLOCATE|[EXTERNAL]|Bytes:36
18:05:21.0 (1018094)|HEAP_ALLOCATE|[EXTERNAL]|Bytes:36
18:05:21.0 (2691368)|CODE_UNIT_STARTED|[EXTERNAL]|01p4100000GpZyG|blogAPI.getBlogData
18:05:21.0 (2786985)|HEAP_ALLOCATE|[EXTERNAL]|Bytes:1
18:05:21.0 (2821306)|METHOD_ENTRY|[1]|01p4100000GpZyG|blogAPI.blogAPI()
18:05:21.0 (2825849)|STATEMENT_EXECUTE|[1]
18:05:21.0 (2831793)|STATEMENT_EXECUTE|[1]
18:05:21.0 (2866278)|HEAP_ALLOCATE|[50]|Bytes:5
18:05:21.0 (2892185)|HEAP_ALLOCATE|[56]|Bytes:5
18:05:21.0 (2901367)|HEAP_ALLOCATE|[64]|Bytes:7
18:05:21.0 (2926247)|SYSTEM_MODE_ENTER|false
18:05:21.0 (3072762)|HEAP_ALLOCATE|[EXTERNAL]|Bytes:5
18:05:21.0 (3081600)|SYSTEM_MODE_EXIT|false
18:05:21.0 (3112597)|METHOD_EXIT|[1]|blogAPI
18:05:21.0 (3118373)|HEAP_ALLOCATE|[EXTERNAL]|Bytes:36
18:05:21.0 (3125271)|SYSTEM_MODE_ENTER|false
18:05:21.0 (3135375)|VARIABLE_SCOPE_BEGIN|[4]|uuid|String|false|false
18:05:21.0 (3246124)|VARIABLE_ASSIGNMENT|[4]|uuid|"98454fa8-3738-4e2f-8 (16 more) ..."
18:05:21.0 (3260003)|HEAP_ALLOCATE|[5]|Bytes:5
18:05:21.0 (3263967)|STATEMENT_EXECUTE|[4]
18:05:21.0 (3265224)|STATEMENT_EXECUTE|[5]
18:05:21.0 (3290271)|VARIABLE_SCOPE_BEGIN|[5]|req|System.HttpRequest|true|false
18:05:21.0 (3461140)|VARIABLE_ASSIGNMENT|[5]|req|"System.HttpRequest[Endpoint=null, Method=null]"|0xd124a45
18:05:21.0 (3466081)|STATEMENT_EXECUTE|[6]
18:05:21.0 (3470251)|HEAP_ALLOCATE|[6]|Bytes:44
18:05:21.0 (3485840)|HEAP_ALLOCATE|[6]|Bytes:80
18:05:21.0 (3610367)|STATEMENT_EXECUTE|[7]
18:05:21.0 (3615325)|HEAP_ALLOCATE|[7]|Bytes:3
18:05:21.0 (3643377)|STATEMENT_EXECUTE|[8]
18:05:21.0 (3658921)|VARIABLE_SCOPE_BEGIN|[8]|http|System.Http|true|false
18:05:21.0 (3722341)|VARIABLE_ASSIGNMENT|[8]|http|"System.Http[]"|0x7d5ad3a9
18:05:21.0 (3726938)|STATEMENT_EXECUTE|[9]
18:05:21.0 (3801171)|CALLOUT_REQUEST|[9]|System.HttpRequest[Endpoint=http://ui-blog.herokuapp.com/Blog/api/?uuid=98454fa8-3738-4e2f-8752-c50a23e79d1a, Method=GET]
18:05:21.0 (5376685)|EXCEPTION_THROWN|[9]|System.CalloutException: Unauthorized endpoint, please check Setup->Security->Remote site settings. endpoint = http://ui-blog.herokuapp.com/Blog/api/?uuid=98454fa8-3738-4e2f-8752-c50a23e79d1a
18:05:21.0 (5457561)|HEAP_ALLOCATE|[9]|Bytes:170
18:05:21.0 (5556602)|FATAL_ERROR|System.CalloutException: Unauthorized endpoint, please check Setup->Security->Remote site settings. endpoint = http://ui-blog.herokuapp.com/Blog/api/?uuid=98454fa8-3738-4e2f-8752-c50a23e79d1a

Class.blogAPI.getBlogData: line 9, column 1
18:05:21.0 (5568468)|FATAL_ERROR|System.CalloutException: Unauthorized endpoint, please check Setup->Security->Remote site settings. endpoint = http://ui-blog.herokuapp.com/Blog/api/?uuid=98454fa8-3738-4e2f-8752-c50a23e79d1a

Class.blogAPI.getBlogData: line 9, column 1
18:05:21.5 (5576961)|CUMULATIVE_LIMIT_USAGE
18:05:21.5 (5576961)|LIMIT_USAGE_FOR_NS|(default)|
  Number of SOQL queries: 0 out of 100
  Number of query rows: 0 out of 50000
  Number of SOSL queries: 0 out of 20
  Number of DML statements: 0 out of 150
  Number of DML rows: 0 out of 10000
  Maximum CPU time: 0 out of 10000
  Maximum heap size: 0 out of 6000000
  Number of callouts: 1 out of 100
  Number of Email Invocations: 0 out of 10
  Number of future calls: 0 out of 50
  Number of queueable jobs added to the queue: 0 out of 50
  Number of Mobile Apex push calls: 0 out of 10

18:05:21.5 (5576961)|CUMULATIVE_LIMIT_USAGE_END

18:05:21.0 (5622043)|CODE_UNIT_FINISHED|blogAPI.getBlogData
