38.0 APEX_CODE,FINEST;APEX_PROFILING,INFO;CALLOUT,INFO;DB,INFO;SYSTEM,DEBUG;VALIDATION,INFO;VISUALFORCE,INFO;WORKFLOW,INFO
18:27:18.0 (348246)|USER_INFO|[EXTERNAL]|00541000000QZaN|jefflombardjr@gmail.com|Pacific Standard Time|GMT-08:00
18:27:18.0 (386363)|EXECUTION_STARTED
18:27:18.0 (392272)|CODE_UNIT_STARTED|[EXTERNAL]|aura
18:27:18.0 (719902)|HEAP_ALLOCATE|[72]|Bytes:3
18:27:18.0 (802740)|HEAP_ALLOCATE|[77]|Bytes:152
18:27:18.0 (823657)|HEAP_ALLOCATE|[342]|Bytes:408
18:27:18.0 (843244)|HEAP_ALLOCATE|[355]|Bytes:408
18:27:18.0 (861585)|HEAP_ALLOCATE|[467]|Bytes:48
18:27:18.0 (890075)|HEAP_ALLOCATE|[139]|Bytes:6
18:27:18.0 (912507)|HEAP_ALLOCATE|[EXTERNAL]|Bytes:36
18:27:18.0 (947411)|HEAP_ALLOCATE|[EXTERNAL]|Bytes:36
18:27:18.0 (2115261)|CODE_UNIT_STARTED|[EXTERNAL]|01p4100000GpZyG|blogAPI.getBlogData
18:27:18.0 (2207371)|HEAP_ALLOCATE|[EXTERNAL]|Bytes:1
18:27:18.0 (2245140)|METHOD_ENTRY|[1]|01p4100000GpZyG|blogAPI.blogAPI()
18:27:18.0 (2250398)|STATEMENT_EXECUTE|[1]
18:27:18.0 (2257351)|STATEMENT_EXECUTE|[1]
18:27:18.0 (2294007)|HEAP_ALLOCATE|[50]|Bytes:5
18:27:18.0 (2322984)|HEAP_ALLOCATE|[56]|Bytes:5
18:27:18.0 (2331913)|HEAP_ALLOCATE|[64]|Bytes:7
18:27:18.0 (2353007)|SYSTEM_MODE_ENTER|false
18:27:18.0 (2370737)|HEAP_ALLOCATE|[EXTERNAL]|Bytes:5
18:27:18.0 (2378487)|SYSTEM_MODE_EXIT|false
18:27:18.0 (2403805)|METHOD_EXIT|[1]|blogAPI
18:27:18.0 (2409140)|HEAP_ALLOCATE|[EXTERNAL]|Bytes:36
18:27:18.0 (2421645)|SYSTEM_MODE_ENTER|false
18:27:18.0 (2433060)|VARIABLE_SCOPE_BEGIN|[4]|uuid|String|false|false
18:27:18.0 (2459860)|VARIABLE_ASSIGNMENT|[4]|uuid|"98454fa8-3738-4e2f-8 (16 more) ..."
18:27:18.0 (2474238)|HEAP_ALLOCATE|[5]|Bytes:5
18:27:18.0 (2478003)|STATEMENT_EXECUTE|[4]
18:27:18.0 (2479126)|STATEMENT_EXECUTE|[5]
18:27:18.0 (2511556)|VARIABLE_SCOPE_BEGIN|[5]|req|System.HttpRequest|true|false
18:27:18.0 (2650712)|VARIABLE_ASSIGNMENT|[5]|req|"System.HttpRequest[Endpoint=null, Method=null]"|0x57526035
18:27:18.0 (2655255)|STATEMENT_EXECUTE|[6]
18:27:18.0 (2659843)|HEAP_ALLOCATE|[6]|Bytes:44
18:27:18.0 (2678761)|HEAP_ALLOCATE|[6]|Bytes:80
18:27:18.0 (2770247)|STATEMENT_EXECUTE|[7]
18:27:18.0 (2775211)|HEAP_ALLOCATE|[7]|Bytes:3
18:27:18.0 (2801991)|STATEMENT_EXECUTE|[8]
18:27:18.0 (2817217)|VARIABLE_SCOPE_BEGIN|[8]|http|System.Http|true|false
18:27:18.0 (2881751)|VARIABLE_ASSIGNMENT|[8]|http|"System.Http[]"|0x68b66c43
18:27:18.0 (2885902)|STATEMENT_EXECUTE|[9]
18:27:18.0 (2952809)|CALLOUT_REQUEST|[9]|System.HttpRequest[Endpoint=http://ui-blog.herokuapp.com/Blog/api/?uuid=98454fa8-3738-4e2f-8752-c50a23e79d1a, Method=GET]
18:27:18.0 (114701875)|HEAP_ALLOCATE|[EXTERNAL]|Bytes:1208
18:27:18.0 (114823700)|CALLOUT_RESPONSE|[9]|System.HttpResponse[Status=OK, StatusCode=200]
18:27:18.0 (114852715)|HEAP_ALLOCATE|[9]|Bytes:975
18:27:18.0 (114895868)|VARIABLE_SCOPE_BEGIN|[9]|res|System.HttpResponse|true|false
18:27:18.0 (115028875)|VARIABLE_ASSIGNMENT|[9]|res|"System.HttpResponse[Status=OK, StatusCode=200]"|0x7cd13169
18:27:18.0 (115038008)|STATEMENT_EXECUTE|[10]
18:27:18.0 (115160558)|HEAP_ALLOCATE|[10]|Bytes:969
18:27:18.0 (115197369)|SYSTEM_MODE_EXIT|false
18:27:18.117 (117172854)|CUMULATIVE_LIMIT_USAGE
18:27:18.117 (117172854)|LIMIT_USAGE_FOR_NS|(default)|
  Number of SOQL queries: 0 out of 100
  Number of query rows: 0 out of 50000
  Number of SOSL queries: 0 out of 20
  Number of DML statements: 0 out of 150
  Number of DML rows: 0 out of 10000
  Maximum CPU time: 0 out of 10000
  Maximum heap size: 0 out of 6000000
  Number of callouts: 1 out of 100
  Number of Email Invocations: 0 out of 10
  Number of future calls: 0 out of 50
  Number of queueable jobs added to the queue: 0 out of 50
  Number of Mobile Apex push calls: 0 out of 10

18:27:18.117 (117172854)|CUMULATIVE_LIMIT_USAGE_END

18:27:18.0 (117232940)|CODE_UNIT_FINISHED|blogAPI.getBlogData
