38.0 APEX_CODE,FINEST;APEX_PROFILING,INFO;CALLOUT,INFO;DB,INFO;SYSTEM,DEBUG;VALIDATION,INFO;VISUALFORCE,INFO;WORKFLOW,INFO
18:39:22.0 (286453)|USER_INFO|[EXTERNAL]|00541000000QZaN|jefflombardjr@gmail.com|Pacific Standard Time|GMT-08:00
18:39:22.0 (321017)|EXECUTION_STARTED
18:39:22.0 (326290)|CODE_UNIT_STARTED|[EXTERNAL]|aura
18:39:22.0 (636183)|HEAP_ALLOCATE|[72]|Bytes:3
18:39:22.0 (708323)|HEAP_ALLOCATE|[77]|Bytes:152
18:39:22.0 (728163)|HEAP_ALLOCATE|[342]|Bytes:408
18:39:22.0 (747962)|HEAP_ALLOCATE|[355]|Bytes:408
18:39:22.0 (767139)|HEAP_ALLOCATE|[467]|Bytes:48
18:39:22.0 (795574)|HEAP_ALLOCATE|[139]|Bytes:6
18:39:22.0 (816821)|HEAP_ALLOCATE|[EXTERNAL]|Bytes:36
18:39:22.0 (845874)|HEAP_ALLOCATE|[EXTERNAL]|Bytes:36
18:39:22.0 (2196343)|CODE_UNIT_STARTED|[EXTERNAL]|01p4100000GpZyG|blogAPI.getBlogData
18:39:22.0 (2264697)|HEAP_ALLOCATE|[EXTERNAL]|Bytes:1
18:39:22.0 (2298811)|METHOD_ENTRY|[1]|01p4100000GpZyG|blogAPI.blogAPI()
18:39:22.0 (2305659)|STATEMENT_EXECUTE|[1]
18:39:22.0 (2313239)|STATEMENT_EXECUTE|[1]
18:39:22.0 (2343439)|HEAP_ALLOCATE|[50]|Bytes:5
18:39:22.0 (2365470)|HEAP_ALLOCATE|[56]|Bytes:5
18:39:22.0 (2374846)|HEAP_ALLOCATE|[64]|Bytes:7
18:39:22.0 (2392767)|SYSTEM_MODE_ENTER|false
18:39:22.0 (2537662)|HEAP_ALLOCATE|[EXTERNAL]|Bytes:5
18:39:22.0 (2545452)|SYSTEM_MODE_EXIT|false
18:39:22.0 (2567249)|METHOD_EXIT|[1]|blogAPI
18:39:22.0 (2572718)|HEAP_ALLOCATE|[EXTERNAL]|Bytes:36
18:39:22.0 (2579504)|SYSTEM_MODE_ENTER|false
18:39:22.0 (2585224)|VARIABLE_SCOPE_BEGIN|[4]|uuid|String|false|false
18:39:22.0 (2701093)|VARIABLE_ASSIGNMENT|[4]|uuid|"98454fa8-3738-4e2f-8 (16 more) ..."
18:39:22.0 (2715068)|HEAP_ALLOCATE|[5]|Bytes:5
18:39:22.0 (2719689)|STATEMENT_EXECUTE|[4]
18:39:22.0 (2721074)|STATEMENT_EXECUTE|[5]
18:39:22.0 (2746416)|VARIABLE_SCOPE_BEGIN|[5]|req|System.HttpRequest|true|false
18:39:22.0 (2904854)|VARIABLE_ASSIGNMENT|[5]|req|"System.HttpRequest[Endpoint=null, Method=null]"|0x480d19c1
18:39:22.0 (2910616)|STATEMENT_EXECUTE|[6]
18:39:22.0 (2915448)|HEAP_ALLOCATE|[6]|Bytes:44
18:39:22.0 (2928575)|HEAP_ALLOCATE|[6]|Bytes:80
18:39:22.0 (3047398)|STATEMENT_EXECUTE|[7]
18:39:22.0 (3052813)|HEAP_ALLOCATE|[7]|Bytes:3
18:39:22.0 (3080353)|STATEMENT_EXECUTE|[8]
18:39:22.0 (3095518)|VARIABLE_SCOPE_BEGIN|[8]|http|System.Http|true|false
18:39:22.0 (3162024)|VARIABLE_ASSIGNMENT|[8]|http|"System.Http[]"|0x218fba80
18:39:22.0 (3166675)|STATEMENT_EXECUTE|[9]
18:39:22.0 (3223098)|CALLOUT_REQUEST|[9]|System.HttpRequest[Endpoint=http://ui-blog.herokuapp.com/Blog/api/?uuid=98454fa8-3738-4e2f-8752-c50a23e79d1a, Method=GET]
18:39:22.0 (125531657)|HEAP_ALLOCATE|[EXTERNAL]|Bytes:1208
18:39:22.0 (125661738)|CALLOUT_RESPONSE|[9]|System.HttpResponse[Status=OK, StatusCode=200]
18:39:22.0 (125679051)|HEAP_ALLOCATE|[9]|Bytes:975
18:39:22.0 (125708658)|VARIABLE_SCOPE_BEGIN|[9]|res|System.HttpResponse|true|false
18:39:22.0 (125806090)|VARIABLE_ASSIGNMENT|[9]|res|"System.HttpResponse[Status=OK, StatusCode=200]"|0x257de5b8
18:39:22.0 (125814735)|STATEMENT_EXECUTE|[10]
18:39:22.0 (125933322)|HEAP_ALLOCATE|[10]|Bytes:969
18:39:22.0 (125951384)|SYSTEM_MODE_EXIT|false
18:39:22.128 (128141495)|CUMULATIVE_LIMIT_USAGE
18:39:22.128 (128141495)|LIMIT_USAGE_FOR_NS|(default)|
  Number of SOQL queries: 0 out of 100
  Number of query rows: 0 out of 50000
  Number of SOSL queries: 0 out of 20
  Number of DML statements: 0 out of 150
  Number of DML rows: 0 out of 10000
  Maximum CPU time: 0 out of 10000
  Maximum heap size: 0 out of 6000000
  Number of callouts: 1 out of 100
  Number of Email Invocations: 0 out of 10
  Number of future calls: 0 out of 50
  Number of queueable jobs added to the queue: 0 out of 50
  Number of Mobile Apex push calls: 0 out of 10

18:39:22.128 (128141495)|CUMULATIVE_LIMIT_USAGE_END

18:39:22.0 (128200706)|CODE_UNIT_FINISHED|blogAPI.getBlogData
