38.0 APEX_CODE,FINEST;APEX_PROFILING,INFO;CALLOUT,INFO;DB,INFO;SYSTEM,DEBUG;VALIDATION,INFO;VISUALFORCE,INFO;WORKFLOW,INFO
18:40:12.0 (334885)|USER_INFO|[EXTERNAL]|00541000000QZaN|jefflombardjr@gmail.com|Pacific Standard Time|GMT-08:00
18:40:12.0 (369257)|EXECUTION_STARTED
18:40:12.0 (375579)|CODE_UNIT_STARTED|[EXTERNAL]|aura
18:40:12.0 (725733)|HEAP_ALLOCATE|[72]|Bytes:3
18:40:12.0 (778029)|HEAP_ALLOCATE|[77]|Bytes:152
18:40:12.0 (797938)|HEAP_ALLOCATE|[342]|Bytes:408
18:40:12.0 (817822)|HEAP_ALLOCATE|[355]|Bytes:408
18:40:12.0 (836538)|HEAP_ALLOCATE|[467]|Bytes:48
18:40:12.0 (864747)|HEAP_ALLOCATE|[139]|Bytes:6
18:40:12.0 (889769)|HEAP_ALLOCATE|[EXTERNAL]|Bytes:36
18:40:12.0 (904496)|HEAP_ALLOCATE|[EXTERNAL]|Bytes:36
18:40:12.0 (2105834)|CODE_UNIT_STARTED|[EXTERNAL]|01p4100000GpZyG|blogAPI.getBlogData
18:40:12.0 (2190385)|HEAP_ALLOCATE|[EXTERNAL]|Bytes:1
18:40:12.0 (2202539)|METHOD_ENTRY|[1]|01p4100000GpZyG|blogAPI.blogAPI()
18:40:12.0 (2206428)|STATEMENT_EXECUTE|[1]
18:40:12.0 (2212952)|STATEMENT_EXECUTE|[1]
18:40:12.0 (2251556)|HEAP_ALLOCATE|[50]|Bytes:5
18:40:12.0 (2279939)|HEAP_ALLOCATE|[56]|Bytes:5
18:40:12.0 (2289120)|HEAP_ALLOCATE|[64]|Bytes:7
18:40:12.0 (2311507)|SYSTEM_MODE_ENTER|false
18:40:12.0 (2329502)|HEAP_ALLOCATE|[EXTERNAL]|Bytes:5
18:40:12.0 (2338224)|SYSTEM_MODE_EXIT|false
18:40:12.0 (2346673)|METHOD_EXIT|[1]|blogAPI
18:40:12.0 (2350843)|HEAP_ALLOCATE|[EXTERNAL]|Bytes:36
18:40:12.0 (2356059)|SYSTEM_MODE_ENTER|false
18:40:12.0 (2363243)|VARIABLE_SCOPE_BEGIN|[4]|uuid|String|false|false
18:40:12.0 (2389528)|VARIABLE_ASSIGNMENT|[4]|uuid|"98454fa8-3738-4e2f-8 (16 more) ..."
18:40:12.0 (2402347)|HEAP_ALLOCATE|[5]|Bytes:5
18:40:12.0 (2406275)|STATEMENT_EXECUTE|[4]
18:40:12.0 (2407732)|STATEMENT_EXECUTE|[5]
18:40:12.0 (2438210)|VARIABLE_SCOPE_BEGIN|[5]|req|System.HttpRequest|true|false
18:40:12.0 (2601573)|VARIABLE_ASSIGNMENT|[5]|req|"System.HttpRequest[Endpoint=null, Method=null]"|0x4643ffb1
18:40:12.0 (2608095)|STATEMENT_EXECUTE|[6]
18:40:12.0 (2614327)|HEAP_ALLOCATE|[6]|Bytes:44
18:40:12.0 (2632670)|HEAP_ALLOCATE|[6]|Bytes:80
18:40:12.0 (2699556)|STATEMENT_EXECUTE|[7]
18:40:12.0 (2703716)|HEAP_ALLOCATE|[7]|Bytes:3
18:40:12.0 (2728056)|STATEMENT_EXECUTE|[8]
18:40:12.0 (2748985)|VARIABLE_SCOPE_BEGIN|[8]|http|System.Http|true|false
18:40:12.0 (2821726)|VARIABLE_ASSIGNMENT|[8]|http|"System.Http[]"|0x3de3967d
18:40:12.0 (2826257)|STATEMENT_EXECUTE|[9]
18:40:12.0 (2889076)|CALLOUT_REQUEST|[9]|System.HttpRequest[Endpoint=http://ui-blog.herokuapp.com/Blog/api/?uuid=98454fa8-3738-4e2f-8752-c50a23e79d1a, Method=GET]
18:40:12.0 (109106985)|HEAP_ALLOCATE|[EXTERNAL]|Bytes:1208
18:40:12.0 (109241827)|CALLOUT_RESPONSE|[9]|System.HttpResponse[Status=OK, StatusCode=200]
18:40:12.0 (109262098)|HEAP_ALLOCATE|[9]|Bytes:975
18:40:12.0 (109299358)|VARIABLE_SCOPE_BEGIN|[9]|res|System.HttpResponse|true|false
18:40:12.0 (109394600)|VARIABLE_ASSIGNMENT|[9]|res|"System.HttpResponse[Status=OK, StatusCode=200]"|0x232666ad
18:40:12.0 (109401970)|STATEMENT_EXECUTE|[10]
18:40:12.0 (109511997)|HEAP_ALLOCATE|[10]|Bytes:969
18:40:12.0 (109540691)|SYSTEM_MODE_EXIT|false
18:40:12.111 (111555879)|CUMULATIVE_LIMIT_USAGE
18:40:12.111 (111555879)|LIMIT_USAGE_FOR_NS|(default)|
  Number of SOQL queries: 0 out of 100
  Number of query rows: 0 out of 50000
  Number of SOSL queries: 0 out of 20
  Number of DML statements: 0 out of 150
  Number of DML rows: 0 out of 10000
  Maximum CPU time: 0 out of 10000
  Maximum heap size: 0 out of 6000000
  Number of callouts: 1 out of 100
  Number of Email Invocations: 0 out of 10
  Number of future calls: 0 out of 50
  Number of queueable jobs added to the queue: 0 out of 50
  Number of Mobile Apex push calls: 0 out of 10

18:40:12.111 (111555879)|CUMULATIVE_LIMIT_USAGE_END

18:40:12.0 (111612086)|CODE_UNIT_FINISHED|blogAPI.getBlogData
