38.0 APEX_CODE,FINEST;APEX_PROFILING,INFO;CALLOUT,INFO;DB,INFO;SYSTEM,DEBUG;VALIDATION,INFO;VISUALFORCE,INFO;WORKFLOW,INFO
18:03:17.0 (382183)|USER_INFO|[EXTERNAL]|00541000000QZaN|jefflombardjr@gmail.com|Pacific Standard Time|GMT-08:00
18:03:17.0 (420689)|EXECUTION_STARTED
18:03:17.0 (426141)|CODE_UNIT_STARTED|[EXTERNAL]|aura
18:03:17.0 (709127)|HEAP_ALLOCATE|[72]|Bytes:3
18:03:17.0 (736457)|HEAP_ALLOCATE|[77]|Bytes:152
18:03:17.0 (748537)|HEAP_ALLOCATE|[342]|Bytes:408
18:03:17.0 (767800)|HEAP_ALLOCATE|[355]|Bytes:408
18:03:17.0 (791648)|HEAP_ALLOCATE|[467]|Bytes:48
18:03:17.0 (822634)|HEAP_ALLOCATE|[139]|Bytes:6
18:03:17.0 (845466)|HEAP_ALLOCATE|[EXTERNAL]|Bytes:36
18:03:17.0 (860845)|HEAP_ALLOCATE|[EXTERNAL]|Bytes:36
18:03:17.0 (2085562)|CODE_UNIT_STARTED|[EXTERNAL]|01p4100000GpZyG|blogAPI.getBlogData
18:03:17.0 (2164724)|HEAP_ALLOCATE|[EXTERNAL]|Bytes:1
18:03:17.0 (2179611)|METHOD_ENTRY|[1]|01p4100000GpZyG|blogAPI.blogAPI()
18:03:17.0 (2184773)|STATEMENT_EXECUTE|[1]
18:03:17.0 (2192065)|STATEMENT_EXECUTE|[1]
18:03:17.0 (2221900)|HEAP_ALLOCATE|[50]|Bytes:5
18:03:17.0 (2240221)|HEAP_ALLOCATE|[56]|Bytes:5
18:03:17.0 (2249126)|HEAP_ALLOCATE|[64]|Bytes:7
18:03:17.0 (2268302)|SYSTEM_MODE_ENTER|false
18:03:17.0 (2282576)|HEAP_ALLOCATE|[EXTERNAL]|Bytes:5
18:03:17.0 (2288745)|SYSTEM_MODE_EXIT|false
18:03:17.0 (2295855)|METHOD_EXIT|[1]|blogAPI
18:03:17.0 (2299996)|HEAP_ALLOCATE|[EXTERNAL]|Bytes:36
18:03:17.0 (2305087)|SYSTEM_MODE_ENTER|false
18:03:17.0 (2313810)|VARIABLE_SCOPE_BEGIN|[4]|uuid|String|false|false
18:03:17.0 (2338285)|VARIABLE_ASSIGNMENT|[4]|uuid|"98454fa8-3738-4e2f-8 (16 more) ..."
18:03:17.0 (2350919)|HEAP_ALLOCATE|[5]|Bytes:5
18:03:17.0 (2355045)|STATEMENT_EXECUTE|[4]
18:03:17.0 (2356471)|STATEMENT_EXECUTE|[5]
18:03:17.0 (2384680)|VARIABLE_SCOPE_BEGIN|[5]|req|System.HttpRequest|true|false
18:03:17.0 (2520036)|VARIABLE_ASSIGNMENT|[5]|req|"System.HttpRequest[Endpoint=null, Method=null]"|0x2b4d24e5
18:03:17.0 (2525752)|STATEMENT_EXECUTE|[6]
18:03:17.0 (2530252)|HEAP_ALLOCATE|[6]|Bytes:39
18:03:17.0 (2546518)|HEAP_ALLOCATE|[6]|Bytes:75
18:03:17.0 (2642791)|STATEMENT_EXECUTE|[7]
18:03:17.0 (2647808)|HEAP_ALLOCATE|[7]|Bytes:3
18:03:17.0 (2674300)|STATEMENT_EXECUTE|[8]
18:03:17.0 (2689760)|VARIABLE_SCOPE_BEGIN|[8]|http|System.Http|true|false
18:03:17.0 (2756120)|VARIABLE_ASSIGNMENT|[8]|http|"System.Http[]"|0x4d5e7641
18:03:17.0 (2760891)|STATEMENT_EXECUTE|[9]
18:03:17.0 (2817294)|CALLOUT_REQUEST|[9]|System.HttpRequest[Endpoint=http://ui-blog.herokuapp.com/Blog/api/?98454fa8-3738-4e2f-8752-c50a23e79d1a, Method=GET]
18:03:17.0 (4258571)|EXCEPTION_THROWN|[9]|System.CalloutException: Unauthorized endpoint, please check Setup->Security->Remote site settings. endpoint = http://ui-blog.herokuapp.com/Blog/api/?98454fa8-3738-4e2f-8752-c50a23e79d1a
18:03:17.0 (4365700)|HEAP_ALLOCATE|[9]|Bytes:165
18:03:17.0 (4480331)|FATAL_ERROR|System.CalloutException: Unauthorized endpoint, please check Setup->Security->Remote site settings. endpoint = http://ui-blog.herokuapp.com/Blog/api/?98454fa8-3738-4e2f-8752-c50a23e79d1a

Class.blogAPI.getBlogData: line 9, column 1
18:03:17.0 (4500971)|FATAL_ERROR|System.CalloutException: Unauthorized endpoint, please check Setup->Security->Remote site settings. endpoint = http://ui-blog.herokuapp.com/Blog/api/?98454fa8-3738-4e2f-8752-c50a23e79d1a

Class.blogAPI.getBlogData: line 9, column 1
18:03:17.4 (4514498)|CUMULATIVE_LIMIT_USAGE
18:03:17.4 (4514498)|LIMIT_USAGE_FOR_NS|(default)|
  Number of SOQL queries: 0 out of 100
  Number of query rows: 0 out of 50000
  Number of SOSL queries: 0 out of 20
  Number of DML statements: 0 out of 150
  Number of DML rows: 0 out of 10000
  Maximum CPU time: 0 out of 10000
  Maximum heap size: 0 out of 6000000
  Number of callouts: 1 out of 100
  Number of Email Invocations: 0 out of 10
  Number of future calls: 0 out of 50
  Number of queueable jobs added to the queue: 0 out of 50
  Number of Mobile Apex push calls: 0 out of 10

18:03:17.4 (4514498)|CUMULATIVE_LIMIT_USAGE_END

18:03:17.0 (4561573)|CODE_UNIT_FINISHED|blogAPI.getBlogData
