38.0 APEX_CODE,FINEST;APEX_PROFILING,INFO;CALLOUT,INFO;DB,INFO;SYSTEM,DEBUG;VALIDATION,INFO;VISUALFORCE,INFO;WORKFLOW,INFO
18:26:46.0 (454396)|USER_INFO|[EXTERNAL]|00541000000QZaN|jefflombardjr@gmail.com|Pacific Standard Time|GMT-08:00
18:26:46.0 (494820)|EXECUTION_STARTED
18:26:46.0 (500867)|CODE_UNIT_STARTED|[EXTERNAL]|aura
18:26:46.0 (1097408)|HEAP_ALLOCATE|[72]|Bytes:3
18:26:46.0 (1153868)|HEAP_ALLOCATE|[77]|Bytes:152
18:26:46.0 (1177135)|HEAP_ALLOCATE|[342]|Bytes:408
18:26:46.0 (1206649)|HEAP_ALLOCATE|[355]|Bytes:408
18:26:46.0 (1235373)|HEAP_ALLOCATE|[467]|Bytes:48
18:26:46.0 (1270682)|HEAP_ALLOCATE|[139]|Bytes:6
18:26:46.0 (1299488)|HEAP_ALLOCATE|[EXTERNAL]|Bytes:36
18:26:46.0 (1313742)|HEAP_ALLOCATE|[EXTERNAL]|Bytes:36
18:26:46.0 (2629447)|CODE_UNIT_STARTED|[EXTERNAL]|01p4100000GpZyG|blogAPI.getBlogData
18:26:46.0 (2741999)|HEAP_ALLOCATE|[EXTERNAL]|Bytes:1
18:26:46.0 (2761429)|METHOD_ENTRY|[1]|01p4100000GpZyG|blogAPI.blogAPI()
18:26:46.0 (2770267)|STATEMENT_EXECUTE|[1]
18:26:46.0 (2777465)|STATEMENT_EXECUTE|[1]
18:26:46.0 (2827227)|HEAP_ALLOCATE|[50]|Bytes:5
18:26:46.0 (2865598)|HEAP_ALLOCATE|[56]|Bytes:5
18:26:46.0 (2881877)|HEAP_ALLOCATE|[64]|Bytes:7
18:26:46.0 (2907645)|SYSTEM_MODE_ENTER|false
18:26:46.0 (2927119)|HEAP_ALLOCATE|[EXTERNAL]|Bytes:5
18:26:46.0 (2939382)|SYSTEM_MODE_EXIT|false
18:26:46.0 (2964059)|METHOD_EXIT|[1]|blogAPI
18:26:46.0 (2970634)|HEAP_ALLOCATE|[EXTERNAL]|Bytes:36
18:26:46.0 (2979840)|SYSTEM_MODE_ENTER|false
18:26:46.0 (2991499)|VARIABLE_SCOPE_BEGIN|[4]|uuid|String|false|false
18:26:46.0 (3032490)|VARIABLE_ASSIGNMENT|[4]|uuid|"98454fa8-3738-4e2f-8 (16 more) ..."
18:26:46.0 (3061860)|HEAP_ALLOCATE|[5]|Bytes:5
18:26:46.0 (3068068)|STATEMENT_EXECUTE|[4]
18:26:46.0 (3070196)|STATEMENT_EXECUTE|[5]
18:26:46.0 (3105456)|VARIABLE_SCOPE_BEGIN|[5]|req|System.HttpRequest|true|false
18:26:46.0 (3303035)|VARIABLE_ASSIGNMENT|[5]|req|"System.HttpRequest[Endpoint=null, Method=null]"|0x68781a98
18:26:46.0 (3308392)|STATEMENT_EXECUTE|[6]
18:26:46.0 (3313116)|HEAP_ALLOCATE|[6]|Bytes:44
18:26:46.0 (3331024)|HEAP_ALLOCATE|[6]|Bytes:80
18:26:46.0 (3404753)|STATEMENT_EXECUTE|[7]
18:26:46.0 (3409414)|HEAP_ALLOCATE|[7]|Bytes:3
18:26:46.0 (3434734)|STATEMENT_EXECUTE|[8]
18:26:46.0 (3450761)|VARIABLE_SCOPE_BEGIN|[8]|http|System.Http|true|false
18:26:46.0 (3525681)|VARIABLE_ASSIGNMENT|[8]|http|"System.Http[]"|0x18cf671
18:26:46.0 (3530552)|STATEMENT_EXECUTE|[9]
18:26:46.0 (3590045)|CALLOUT_REQUEST|[9]|System.HttpRequest[Endpoint=http://ui-blog.herokuapp.com/Blog/api/?uuid=98454fa8-3738-4e2f-8752-c50a23e79d1a, Method=GET]
18:26:46.0 (123307057)|HEAP_ALLOCATE|[EXTERNAL]|Bytes:1208
18:26:46.0 (123438827)|CALLOUT_RESPONSE|[9]|System.HttpResponse[Status=OK, StatusCode=200]
18:26:46.0 (123461130)|HEAP_ALLOCATE|[9]|Bytes:975
18:26:46.0 (123498987)|VARIABLE_SCOPE_BEGIN|[9]|res|System.HttpResponse|true|false
18:26:46.0 (123610811)|VARIABLE_ASSIGNMENT|[9]|res|"System.HttpResponse[Status=OK, StatusCode=200]"|0x6aae5f17
18:26:46.0 (123617685)|STATEMENT_EXECUTE|[10]
18:26:46.0 (123732166)|HEAP_ALLOCATE|[10]|Bytes:969
18:26:46.0 (123757824)|SYSTEM_MODE_EXIT|false
18:26:46.125 (125491615)|CUMULATIVE_LIMIT_USAGE
18:26:46.125 (125491615)|LIMIT_USAGE_FOR_NS|(default)|
  Number of SOQL queries: 0 out of 100
  Number of query rows: 0 out of 50000
  Number of SOSL queries: 0 out of 20
  Number of DML statements: 0 out of 150
  Number of DML rows: 0 out of 10000
  Maximum CPU time: 0 out of 10000
  Maximum heap size: 0 out of 6000000
  Number of callouts: 1 out of 100
  Number of Email Invocations: 0 out of 10
  Number of future calls: 0 out of 50
  Number of queueable jobs added to the queue: 0 out of 50
  Number of Mobile Apex push calls: 0 out of 10

18:26:46.125 (125491615)|CUMULATIVE_LIMIT_USAGE_END

18:26:46.0 (125546253)|CODE_UNIT_FINISHED|blogAPI.getBlogData
