38.0 APEX_CODE,FINEST;APEX_PROFILING,INFO;CALLOUT,INFO;DB,INFO;SYSTEM,DEBUG;VALIDATION,INFO;VISUALFORCE,INFO;WORKFLOW,INFO
18:28:14.0 (311001)|USER_INFO|[EXTERNAL]|00541000000QZaN|jefflombardjr@gmail.com|Pacific Standard Time|GMT-08:00
18:28:14.0 (346822)|EXECUTION_STARTED
18:28:14.0 (352834)|CODE_UNIT_STARTED|[EXTERNAL]|aura
18:28:14.0 (672861)|HEAP_ALLOCATE|[72]|Bytes:3
18:28:14.0 (716809)|HEAP_ALLOCATE|[77]|Bytes:152
18:28:14.0 (735433)|HEAP_ALLOCATE|[342]|Bytes:408
18:28:14.0 (755570)|HEAP_ALLOCATE|[355]|Bytes:408
18:28:14.0 (774944)|HEAP_ALLOCATE|[467]|Bytes:48
18:28:14.0 (817954)|HEAP_ALLOCATE|[139]|Bytes:6
18:28:14.0 (843050)|HEAP_ALLOCATE|[EXTERNAL]|Bytes:36
18:28:14.0 (857877)|HEAP_ALLOCATE|[EXTERNAL]|Bytes:36
18:28:14.0 (2253943)|CODE_UNIT_STARTED|[EXTERNAL]|01p4100000GpZyG|blogAPI.getBlogData
18:28:14.0 (2350252)|HEAP_ALLOCATE|[EXTERNAL]|Bytes:1
18:28:14.0 (2364750)|METHOD_ENTRY|[1]|01p4100000GpZyG|blogAPI.blogAPI()
18:28:14.0 (2369724)|STATEMENT_EXECUTE|[1]
18:28:14.0 (2376500)|STATEMENT_EXECUTE|[1]
18:28:14.0 (2412216)|HEAP_ALLOCATE|[50]|Bytes:5
18:28:14.0 (2440474)|HEAP_ALLOCATE|[56]|Bytes:5
18:28:14.0 (2449245)|HEAP_ALLOCATE|[64]|Bytes:7
18:28:14.0 (2468143)|SYSTEM_MODE_ENTER|false
18:28:14.0 (2483983)|HEAP_ALLOCATE|[EXTERNAL]|Bytes:5
18:28:14.0 (2492133)|SYSTEM_MODE_EXIT|false
18:28:14.0 (2500289)|METHOD_EXIT|[1]|blogAPI
18:28:14.0 (2504268)|HEAP_ALLOCATE|[EXTERNAL]|Bytes:36
18:28:14.0 (2508906)|SYSTEM_MODE_ENTER|false
18:28:14.0 (2518636)|VARIABLE_SCOPE_BEGIN|[4]|uuid|String|false|false
18:28:14.0 (2549172)|VARIABLE_ASSIGNMENT|[4]|uuid|"98454fa8-3738-4e2f-8 (16 more) ..."
18:28:14.0 (2562279)|HEAP_ALLOCATE|[5]|Bytes:5
18:28:14.0 (2565881)|STATEMENT_EXECUTE|[4]
18:28:14.0 (2567292)|STATEMENT_EXECUTE|[5]
18:28:14.0 (2598482)|VARIABLE_SCOPE_BEGIN|[5]|req|System.HttpRequest|true|false
18:28:14.0 (2736192)|VARIABLE_ASSIGNMENT|[5]|req|"System.HttpRequest[Endpoint=null, Method=null]"|0x78a4b792
18:28:14.0 (2741467)|STATEMENT_EXECUTE|[6]
18:28:14.0 (2745633)|HEAP_ALLOCATE|[6]|Bytes:44
18:28:14.0 (2764734)|HEAP_ALLOCATE|[6]|Bytes:80
18:28:14.0 (2836534)|STATEMENT_EXECUTE|[7]
18:28:14.0 (2840607)|HEAP_ALLOCATE|[7]|Bytes:3
18:28:14.0 (2863985)|STATEMENT_EXECUTE|[8]
18:28:14.0 (2878172)|VARIABLE_SCOPE_BEGIN|[8]|http|System.Http|true|false
18:28:14.0 (2943718)|VARIABLE_ASSIGNMENT|[8]|http|"System.Http[]"|0x5d7ea8ab
18:28:14.0 (2948240)|STATEMENT_EXECUTE|[9]
18:28:14.0 (3009190)|CALLOUT_REQUEST|[9]|System.HttpRequest[Endpoint=http://ui-blog.herokuapp.com/Blog/api/?uuid=98454fa8-3738-4e2f-8752-c50a23e79d1a, Method=GET]
18:28:14.0 (114395634)|HEAP_ALLOCATE|[EXTERNAL]|Bytes:1208
18:28:14.0 (114553758)|CALLOUT_RESPONSE|[9]|System.HttpResponse[Status=OK, StatusCode=200]
18:28:14.0 (114573369)|HEAP_ALLOCATE|[9]|Bytes:975
18:28:14.0 (114610487)|VARIABLE_SCOPE_BEGIN|[9]|res|System.HttpResponse|true|false
18:28:14.0 (114723936)|VARIABLE_ASSIGNMENT|[9]|res|"System.HttpResponse[Status=OK, StatusCode=200]"|0x6445ef68
18:28:14.0 (114732549)|STATEMENT_EXECUTE|[10]
18:28:14.0 (114853880)|HEAP_ALLOCATE|[10]|Bytes:969
18:28:14.0 (114881066)|SYSTEM_MODE_EXIT|false
18:28:14.117 (117607578)|CUMULATIVE_LIMIT_USAGE
18:28:14.117 (117607578)|LIMIT_USAGE_FOR_NS|(default)|
  Number of SOQL queries: 0 out of 100
  Number of query rows: 0 out of 50000
  Number of SOSL queries: 0 out of 20
  Number of DML statements: 0 out of 150
  Number of DML rows: 0 out of 10000
  Maximum CPU time: 0 out of 10000
  Maximum heap size: 0 out of 6000000
  Number of callouts: 1 out of 100
  Number of Email Invocations: 0 out of 10
  Number of future calls: 0 out of 50
  Number of queueable jobs added to the queue: 0 out of 50
  Number of Mobile Apex push calls: 0 out of 10

18:28:14.117 (117607578)|CUMULATIVE_LIMIT_USAGE_END

18:28:14.0 (117672265)|CODE_UNIT_FINISHED|blogAPI.getBlogData
